/Users/hongbo/code/zk-light-client/circuits/circuits/sha256_bytes.circom
Detecting: aliascheck
Component: compconstant
    Used output signal: out

Detecting: bigsigma
Component: xor3
    Used output signal: out
Component: rotr
    Used output signal: out

Detecting: binsum

Detecting: bits2num

Detecting: bits2num_strict
Component: bits2num
    Used output signal: out
Component: aliascheck

Detecting: ch_t

Detecting: compconstant

Detecting: forceequalifenabled
Component: iszero
    Used output signal: out

Detecting: greatereqthan
Component: lessthan
    Used output signal: out

Detecting: greaterthan
Component: lessthan
    Used output signal: out

Detecting: h

Detecting: isequal
Component: iszero
    Used output signal: out

Detecting: iszero

Detecting: k

Detecting: lesseqthan
Component: lessthan
    Used output signal: out

Detecting: lessthan

Detecting: maj_t

Detecting: num2bits

Detecting: num2bits_strict
Component: aliascheck

Detecting: num2bitsneg
Component: iszero
    Used output signal: out

Detecting: rotr

Detecting: sha256
Component: sha256compression
    Used output signal: out
Component: h
    Used output signal: out

Detecting: sha256bytes
Component: bits2num
    Used output signal: out
Component: sha256
    Used output signal: out

Detecting: sha256compression
Component: binsum
    Used output signal: out
Component: t2
    Used output signal: out
Component: t1
    Used output signal: out
Component: k
    Used output signal: out
Component: sigmaplus
    Used output signal: out

Detecting: shr

Detecting: sigmaplus
Component: binsum
    Used output signal: out
Component: smallsigma
    Used output signal: out

Detecting: smallsigma
Component: xor3
    Used output signal: out
Component: shr
    Used output signal: out
Component: rotr
    Used output signal: out

Detecting: t1
Component: binsum
    Used output signal: out
Component: bigsigma
    Used output signal: out
Component: ch_t
    Used output signal: out

Detecting: t2
Component: binsum
    Used output signal: out
Component: maj_t
    Used output signal: out
Component: bigsigma
    Used output signal: out

Detecting: xor3

