https://github.com/yi-sun/circom-pairing/tree/master/circuits/bigint.circom
Strange constraint on: out_poly206Result size: 0
Strange constraint on: out_poly314Result size: 0
Strange constraint on: out_poly333Result size: 0
Strange constraint on: out_poly205Result size: 0
Strange constraint on: flag39Result size: 0
Strange constraint on: tmp94Result size: 0
Strange constraint on: mul43Result size: 2
Strange constraint on: lin62Result size: 0
Strange constraint on: parts50Result size: 0
Strange constraint on: parts82Result size: 0
Strange constraint on: parts107Result size: 0
Strange constraint on: parts122Result size: 0
Strange constraint on: sout143Result size: 0
Strange constraint on: mulResult size: 2
Strange constraint on: mul7Result size: 2
Strange constraint on: mulResult size: 0
Strange constraint on: mul235Result size: 0
Strange constraint on: runningCarry262Result size: 0
Strange constraint on: b_plus_c5Result size: 0
Strange constraint on: mulResult size: 2
Strange constraint on: lc127Result size: 0
Strange constraint on: mulResult size: 2
Detecting: aliascheck

Detecting: and

Detecting: bigadd

Detecting: bigaddmodp

Detecting: bigisequal

Detecting: bigiszero

Detecting: biglessthan

Detecting: bigmod
Unconstrainted output signal: mod
Unconstrainted output signal: div

Detecting: bigmod2
Unconstrainted output signal: mod
Unconstrainted output signal: div

Detecting: bigmodinv
Unconstrainted output signal: out

Detecting: bigmult

Detecting: bigmultmodp
Unconstrainted output signal: out

Detecting: bigmultshortlong
Unconstrainted output signal: out

Detecting: bigmultshortlong2d
Unconstrainted output signal: out

Detecting: bigmultshortlong2dunequal
Unconstrainted output signal: out

Detecting: bigmultshortlongunequal
Unconstrainted output signal: out

Detecting: bigsub

Detecting: bigsubmodp

Detecting: binsum
Unconstrainted output signal: out

Detecting: bits2num
Unconstrainted output signal: out

Detecting: bits2num_strict
Unconstrainted output signal: out

Detecting: checkcarrytozero

Detecting: compconstant

Detecting: forceequalifenabled

Detecting: greatereqthan

Detecting: greaterthan

Detecting: isequal

Detecting: iszero

Detecting: lesseqthan

Detecting: lessthan

Detecting: longtoshortnoendcarry
Unconstrainted output signal: out

Detecting: modprod
Unconstrainted output signal: carry
Unconstrainted output signal: prod

Detecting: modsub

Detecting: modsubthree

Detecting: modsum

Detecting: modsumfour

Detecting: modsumthree

Detecting: multiand

Detecting: nand

Detecting: nor

Detecting: not

Detecting: num2bits
Unconstrainted output signal: out

Detecting: num2bits_strict
Unconstrainted output signal: out

Detecting: num2bitsneg
Unconstrainted output signal: out

Detecting: or

Detecting: primereduce
Unconstrainted output signal: out

Detecting: split

Detecting: splitthree

Detecting: xor

