https://github.com/yi-sun/circom-pairing/tree/master/circuits/bls_signature.circom
Detecting: aliascheck

Detecting: and

Detecting: bigadd

Detecting: bigaddmodp

Detecting: bigisequal

Detecting: bigiszero

Detecting: biglessthan

Detecting: bigmod

Detecting: bigmod2

Detecting: bigmodinv
Unconstrainted output signal: out

Detecting: bigmult

Detecting: bigmultmodp

Detecting: bigmultshortlong

Detecting: bigmultshortlong2d

Detecting: bigmultshortlong2dunequal

Detecting: bigmultshortlongunequal

Detecting: bigsub

Detecting: bigsubmodp

Detecting: binsum
Unconstrainted output signal: out

Detecting: bits2num
Unconstrainted output signal: out

Detecting: bits2num_strict
Unconstrainted output signal: out

Detecting: blsmillerloop

Detecting: checkcarrymodp

Detecting: checkcarrytozero

Detecting: clearcofactorg2

Detecting: compconstant

Detecting: coreverifypubkeyg1

Detecting: coreverifypubkeyg1nocheck

Detecting: ellipticcurveadd

Detecting: ellipticcurveaddfp2

Detecting: ellipticcurveaddunequal

Detecting: ellipticcurveaddunequalfp2

Detecting: ellipticcurvedouble
Unconstrainted output signal: out

Detecting: ellipticcurvedoublefp2
Unconstrainted output signal: out

Detecting: ellipticcurvefunction

Detecting: ellipticcurvescalarmultiply

Detecting: ellipticcurvescalarmultiplyfp2

Detecting: ellipticcurvescalarmultiplyunequal
Unconstrainted output signal: out

Detecting: ellipticcurvescalarmultiplyunequalfp2
Unconstrainted output signal: out

Detecting: endomorphismpsi

Detecting: endomorphismpsi2

Detecting: finalexpeasypart

Detecting: finalexphardpart

Detecting: finalexponentiate

Detecting: forceequalifenabled

Detecting: fp12add

Detecting: fp12compress

Detecting: fp12cyclotomiccompress

Detecting: fp12cyclotomicdecompress

Detecting: fp12cyclotomicexp

Detecting: fp12cyclotomicsquare

Detecting: fp12exp

Detecting: fp12frobeniusmap

Detecting: fp12invert

Detecting: fp12multiply

Detecting: fp12multiplywithlineunequal

Detecting: fp12multiplywithlineunequalfp2

Detecting: fp12square

Detecting: fp2add

Detecting: fp2compress

Detecting: fp2conjugate

Detecting: fp2frobeniusmap

Detecting: fp2invert

Detecting: fp2isequal

Detecting: fp2iszero

Detecting: fp2multiply

Detecting: fp2multiplythree

Detecting: fp2negate

Detecting: fp2sgn0

Detecting: fp2subtract

Detecting: fp6invert
Unconstrainted output signal: real_out

Detecting: fpadd

Detecting: fpisequal

Detecting: fpiszero

Detecting: fpmultiply

Detecting: fpnegate

Detecting: fpsgn0

Detecting: fpsubtract

Detecting: greatereqthan

Detecting: greaterthan

Detecting: isequal

Detecting: iso3map

Detecting: iszero

Detecting: lesseqthan

Detecting: lessthan

Detecting: linefunctionequal

Detecting: linefunctionequalfp2

Detecting: linefunctionunequal

Detecting: linefunctionunequalfp2

Detecting: longtoshortnoendcarry
Unconstrainted output signal: out

Detecting: maptog2

Detecting: millerloop
Unconstrainted output signal: out

Detecting: millerloopfp2
Unconstrainted output signal: xP
Unconstrainted output signal: out

Detecting: millerloopfp2two
Unconstrainted output signal: out

Detecting: modprod
Unconstrainted output signal: carry
Unconstrainted output signal: prod

Detecting: modsub
Unconstrainted output signal: borrow

Detecting: modsubthree
Unconstrainted output signal: borrow

Detecting: modsum

Detecting: modsumfour
Unconstrainted output signal: carry

Detecting: modsumthree
Unconstrainted output signal: carry

Detecting: multiand

Detecting: nand

Detecting: nor

Detecting: not

Detecting: num2bits
Unconstrainted output signal: out

Detecting: num2bits_strict
Unconstrainted output signal: out

Detecting: num2bitsneg
Unconstrainted output signal: out

Detecting: optimalatepairing

Detecting: optsimpleswu2

Detecting: or

Detecting: pointoncurve

Detecting: pointoncurvefp2

Detecting: pointonline

Detecting: pointonlinefp2

Detecting: pointontangent

Detecting: pointontangentfp2

Detecting: primereduce
Unconstrainted output signal: out

Detecting: rangecheck2d

Detecting: signedcheckcarrymodtozero
Unconstrainted output signal: X

Detecting: signedfp12carrymodp

Detecting: signedfp12cyclotomicsquarenocarry

Detecting: signedfp12fp2multiplynocarry

Detecting: signedfp12fp2multiplynocarryunequal

Detecting: signedfp12multiplynocarry

Detecting: signedfp12multiplynocarrycompress

Detecting: signedfp12multiplynocarryunequal

Detecting: signedfp12scalarmultiplynocarry

Detecting: signedfp12scalarmultiplynocarryunequal

Detecting: signedfp2carrymodp

Detecting: signedfp2compresscarry

Detecting: signedfp2divide

Detecting: signedfp2multiplynocarry

Detecting: signedfp2multiplynocarrycompress

Detecting: signedfp2multiplynocarrycompressthree

Detecting: signedfp2multiplynocarryunequal

Detecting: signedfpcarrymodp
Unconstrainted output signal: out
Unconstrainted output signal: X

Detecting: signedlinefunctionequalnocarry

Detecting: signedlinefunctionequalnocarryfp2

Detecting: signedlinefunctionunequalnocarry

Detecting: signedlinefunctionunequalnocarryfp2

Detecting: split

Detecting: splitthree

Detecting: subgroupcheckg1

Detecting: subgroupcheckg2

Detecting: tatepairing

Detecting: xor

