https://github.com/yi-sun/circom-pairing/tree/master/circuits/curve.circom
Detecting: aliascheck
in --> compconstant

Detecting: and
a --> out
b --> out

Detecting: bigadd
a --> modsum
b --> modsum
modsum --> out
a --> modsumthree
b --> modsumthree
modsum --> modsumthree
modsumthree --> modsumthree
modsumthree --> out

Detecting: bigaddmodp
a --> bigadd
b --> bigadd
bigadd --> biglessthan
p --> biglessthan
bigadd --> bigsub
biglessthan --> bigsub
p --> bigsub
bigsub --> out

Detecting: bigisequal
a --> isequal
b --> isequal
isequal --> iszero
iszero --> out

Detecting: bigiszero
in --> iszero
iszero --> iszero
iszero --> out

Detecting: biglessthan
a --> lessthan
b --> lessthan
a --> isequal
b --> isequal
isequal --> and
lessthan --> and
lessthan --> or
and --> or
and --> and
or --> or
or --> out

Detecting: bigmod
div --> num2bits
mod --> num2bits
div --> bigmult
b --> bigmult
bigmult --> bigadd
mod --> bigadd
a --> bigadd
mod --> biglessthan
b --> biglessthan

Detecting: bigmod2
div --> num2bits
mod --> num2bits
div --> bigmult
b --> bigmult
bigmult --> bigadd
mod --> bigadd
a --> bigadd
mod --> biglessthan
b --> biglessthan

Detecting: bigmodinv
Unconstrainted output signal: out
out --> num2bits
in --> bigmult
out --> bigmult
bigmult --> bigmod
p --> bigmod

Detecting: bigmult
Unconstrainted output signal: out
a --> bigmultshortlong
b --> bigmultshortlong
bigmultshortlong --> longtoshortnoendcarry
longtoshortnoendcarry --> out

Detecting: bigmultmodp
a --> bigmult
b --> bigmult
bigmult --> bigmod
p --> bigmod
bigmod --> out

Detecting: bigmultshortlong
Unconstrainted output signal: out

Detecting: bigmultshortlong2d
Unconstrainted output signal: out

Detecting: bigmultshortlong2dunequal
Unconstrainted output signal: out

Detecting: bigmultshortlongunequal
Unconstrainted output signal: out

Detecting: bigsub
a --> modsub
b --> modsub
modsub --> out
a --> modsubthree
b --> modsubthree
modsub --> modsubthree
modsubthree --> modsubthree
modsubthree --> out
modsubthree --> underflow

Detecting: bigsubmodp
a --> bigsub
b --> bigsub
bigsub --> bigadd
p --> bigadd
bigsub --> out
bigadd --> out

Detecting: binsum
out --> in

Detecting: bits2num_strict
in --> bits2num
in --> aliascheck
bits2num --> out

Detecting: checkcarrymodp
x --> bigmultshortlongunequal
in --> checkcarrytozero
bigmultshortlongunequal --> checkcarrytozero
y --> checkcarrytozero

Detecting: checkcarrytozero

Detecting: compconstant
Unconstrainted output signal: out
num2bits --> out

Detecting: ellipticcurveadd
a --> fpisequal
b --> fpisequal
b --> iszero
a --> ellipticcurveaddunequal
b --> ellipticcurveaddunequal
fpisequal --> ellipticcurveaddunequal
iszero --> ellipticcurveaddunequal
a --> ellipticcurvedouble
aisinfinity --> isInfinity
bisinfinity --> isInfinity
fpisequal --> isInfinity
isInfinity --> out
a --> out

Detecting: ellipticcurveaddunequal
b --> bigmultshortlong
a --> bigmultshortlong
a --> bigmultshortlongunequal
b --> bigmultshortlongunequal
out --> bigmultshortlongunequal
bigmultshortlong --> bigmultshortlongunequal
bigmultshortlongunequal --> primereduce
bigmultshortlong --> primereduce
primereduce --> signedcheckcarrymodtozero
a --> pointonline
b --> pointonline
out --> pointonline
out --> rangecheck2d

Detecting: ellipticcurvedouble
out --> rangecheck2d
in --> pointontangent
out --> pointontangent
out --> pointoncurve
out --> fpisequal
in --> fpisequal

Detecting: ellipticcurvescalarmultiply
ellipticcurvedouble --> ellipticcurveadd
inisinfinity --> isInfinity
isInfinity --> out
in --> out

Detecting: ellipticcurvescalarmultiplyunequal
Unconstrainted output signal: out
ellipticcurvedouble --> fpisequal
in --> fpisequal
ellipticcurvedouble --> ellipticcurveaddunequal
in --> ellipticcurveaddunequal

Detecting: forceequalifenabled
in --> iszero

Detecting: fp2add
a --> fpadd
b --> fpadd
fpadd --> out

Detecting: fp2compress
Unconstrainted output signal: out
in --> primereduce
primereduce --> out

Detecting: fp2conjugate
in --> fpnegate
in --> out
fpnegate --> out

Detecting: fp2frobeniusmap
in --> out
in --> fpnegate
fpnegate --> out

Detecting: fp2invert
Unconstrainted output signal: out
out --> num2bits
in --> fp2multiply
out --> fp2multiply

Detecting: fp2isequal
a --> biglessthan
b --> biglessthan
a --> isequal
b --> isequal
isequal --> iszero
iszero --> out

Detecting: fp2iszero
in --> biglessthan
in --> iszero
iszero --> iszero
iszero --> out

Detecting: fp2multiply
Unconstrainted output signal: out
a --> signedfp2multiplynocarrycompress
b --> signedfp2multiplynocarrycompress
signedfp2multiplynocarrycompress --> signedfp2carrymodp
signedfp2carrymodp --> out

Detecting: fp2multiplythree
Unconstrainted output signal: out
a --> signedfp2multiplynocarrycompressthree
b --> signedfp2multiplynocarrycompressthree
c --> signedfp2multiplynocarrycompressthree
signedfp2multiplynocarrycompressthree --> signedfp2carrymodp
signedfp2carrymodp --> out

Detecting: fp2negate
in --> fpnegate
fpnegate --> out

Detecting: fp2sgn0
in --> fpsgn0
in --> bigiszero
fpsgn0 --> out
bigiszero --> out

Detecting: fp2subtract
a --> fpsubtract
b --> fpsubtract
fpsubtract --> out

Detecting: fpadd
a --> bigadd
b --> bigadd
bigadd --> biglessthan
bigadd --> bigsub
biglessthan --> bigsub
bigsub --> out

Detecting: fpisequal
in --> biglessthan
in --> isequal
isequal --> isequal
isequal --> out

Detecting: fpiszero
in --> biglessthan
in --> bigiszero
bigiszero --> out

Detecting: fpmultiply
Unconstrainted output signal: out
a --> bigmultshortlong
b --> bigmultshortlong
bigmultshortlong --> primereduce
primereduce --> signedfpcarrymodp
signedfpcarrymodp --> out

Detecting: fpnegate
in --> bigsub
in --> bigiszero
bigiszero --> out
bigsub --> out

Detecting: fpsgn0
in --> biglessthan
in --> in
out --> in

Detecting: fpsubtract
a --> bigsub
b --> bigsub
bigsub --> bigadd
bigsub --> out
bigadd --> out

Detecting: greatereqthan
in --> lessthan
lessthan --> out

Detecting: greaterthan
in --> lessthan
lessthan --> out

Detecting: isequal
in --> iszero
iszero --> out

Detecting: iszero
in --> out

Detecting: lesseqthan
in --> lessthan
lessthan --> out

Detecting: lessthan
in --> num2bits
num2bits --> out

Detecting: longtoshortnoendcarry
Unconstrainted output signal: out
out --> num2bits

Detecting: modprod
a --> num2bits
b --> num2bits
num2bits --> bits2num
bits2num --> prod
bits2num --> carry

Detecting: modsub
a --> lessthan
b --> lessthan
lessthan --> borrow
borrow --> out
a --> out
b --> out

Detecting: modsubthree
a --> lessthan
b --> lessthan
c --> lessthan
lessthan --> borrow
borrow --> out
a --> out
b --> out
c --> out

Detecting: modsum
a --> num2bits
b --> num2bits
num2bits --> carry
a --> sum
b --> sum
carry --> sum

Detecting: modsumfour
a --> num2bits
b --> num2bits
c --> num2bits
d --> num2bits
num2bits --> carry
a --> sum
b --> sum
c --> sum
d --> sum
carry --> sum

Detecting: modsumthree
a --> num2bits
b --> num2bits
c --> num2bits
num2bits --> carry
a --> sum
b --> sum
c --> sum
carry --> sum

Detecting: multiand
in --> out
in --> and
and --> out
in --> multiand
multiand --> and

Detecting: nand
a --> out
b --> out

Detecting: nor
a --> out
b --> out

Detecting: not
in --> out

Detecting: num2bits_strict
in --> num2bits
num2bits --> out
num2bits --> aliascheck

Detecting: num2bitsneg
in --> iszero
in --> out

Detecting: or
a --> out
b --> out

Detecting: pointoncurve
in --> bigmultshortlong
bigmultshortlong --> bigmultshortlongunequal
in --> bigmultshortlongunequal
bigmultshortlongunequal --> primereduce
in --> primereduce
bigmultshortlong --> primereduce
primereduce --> signedcheckcarrymodtozero

Detecting: pointonline
in --> bigmultshortlong
bigmultshortlong --> primereduce
primereduce --> signedcheckcarrymodtozero

Detecting: pointontangent
in --> bigmultshortlong
bigmultshortlong --> bigmultshortlongunequal
in --> bigmultshortlongunequal
bigmultshortlongunequal --> primereduce
bigmultshortlong --> primereduce
primereduce --> signedcheckcarrymodtozero

Detecting: primereduce
Unconstrainted output signal: out

Detecting: rangecheck2d
in --> num2bits

Detecting: signedcheckcarrymodtozero
X --> num2bits
in --> checkcarrymodp
X --> checkcarrymodp

Detecting: signedfp2carrymodp
in --> signedfpcarrymodp
signedfpcarrymodp --> X
signedfpcarrymodp --> out

Detecting: signedfp2compresscarry
Unconstrainted output signal: out
in --> fp2compress
fp2compress --> signedfp2carrymodp
signedfp2carrymodp --> out

Detecting: signedfp2divide
Unconstrainted output signal: out
out --> rangecheck2d
out --> signedfp2multiplynocarrycompress
b --> signedfp2multiplynocarrycompress
signedfp2multiplynocarrycompress --> checkcarrymodp
a --> checkcarrymodp

Detecting: signedfp2multiplynocarry
Unconstrainted output signal: out
a --> signedfp2multiplynocarryunequal
b --> signedfp2multiplynocarryunequal
signedfp2multiplynocarryunequal --> out

Detecting: signedfp2multiplynocarrycompress
Unconstrainted output signal: out
a --> signedfp2multiplynocarry
b --> signedfp2multiplynocarry
signedfp2multiplynocarry --> fp2compress
fp2compress --> out

Detecting: signedfp2multiplynocarrycompressthree
Unconstrainted output signal: out
a --> signedfp2multiplynocarry
b --> signedfp2multiplynocarry
signedfp2multiplynocarry --> signedfp2multiplynocarryunequal
c --> signedfp2multiplynocarryunequal
signedfp2multiplynocarryunequal --> fp2compress
fp2compress --> out

Detecting: signedfp2multiplynocarryunequal
Unconstrainted output signal: out
a --> bigmultshortlongunequal
b --> bigmultshortlongunequal
bigmultshortlongunequal --> out

Detecting: signedfpcarrymodp
out --> num2bits
X --> num2bits
in --> checkcarrymodp
out --> checkcarrymodp
X --> checkcarrymodp

Detecting: split
small --> num2bits
big --> num2bits
small --> in
big --> in

Detecting: splitthree
small --> num2bits
medium --> num2bits
big --> num2bits
small --> in
medium --> in
big --> in

Detecting: xor
a --> out
b --> out

