https://github.com/yi-sun/circom-pairing/tree/master/circuits/fp.circom
Detecting: aliascheck

Detecting: and

Detecting: bigadd

Detecting: bigaddmodp

Detecting: bigisequal

Detecting: bigiszero

Detecting: biglessthan

Detecting: bigmod

Detecting: bigmod2

Detecting: bigmodinv
Unconstrainted output signal: out

Detecting: bigmult

Detecting: bigmultmodp

Detecting: bigmultshortlong

Detecting: bigmultshortlong2d

Detecting: bigmultshortlong2dunequal

Detecting: bigmultshortlongunequal

Detecting: bigsub

Detecting: bigsubmodp

Detecting: binsum
Unconstrainted output signal: out

Detecting: bits2num
Unconstrainted output signal: out

Detecting: bits2num_strict
Unconstrainted output signal: out

Detecting: checkcarrymodp

Detecting: checkcarrytozero

Detecting: compconstant

Detecting: forceequalifenabled

Detecting: fpadd

Detecting: fpisequal

Detecting: fpiszero

Detecting: fpmultiply

Detecting: fpnegate

Detecting: fpsgn0

Detecting: fpsubtract

Detecting: greatereqthan

Detecting: greaterthan

Detecting: isequal

Detecting: iszero

Detecting: lesseqthan

Detecting: lessthan

Detecting: longtoshortnoendcarry
Unconstrainted output signal: out

Detecting: modprod
Unconstrainted output signal: carry
Unconstrainted output signal: prod

Detecting: modsub
Unconstrainted output signal: borrow

Detecting: modsubthree
Unconstrainted output signal: borrow

Detecting: modsum

Detecting: modsumfour
Unconstrainted output signal: carry

Detecting: modsumthree
Unconstrainted output signal: carry

Detecting: multiand

Detecting: nand

Detecting: nor

Detecting: not

Detecting: num2bits
Unconstrainted output signal: out

Detecting: num2bits_strict
Unconstrainted output signal: out

Detecting: num2bitsneg
Unconstrainted output signal: out

Detecting: or

Detecting: primereduce
Unconstrainted output signal: out

Detecting: signedcheckcarrymodtozero
Unconstrainted output signal: X

Detecting: signedfpcarrymodp
Unconstrainted output signal: out
Unconstrainted output signal: X

Detecting: split

Detecting: splitthree

Detecting: xor

