https://github.com/yi-sun/circom-pairing/tree/master/circuits/fp2.circom
Strange Constraints: compConstant
Strange Constraints: read_output_outter.compconstant.out
Strange Constraints: read_input_outter.modsum.a
Strange Constraints: read_input_outter.modsum.b
Strange Constraints: read_input_outter.modsumthree.a
Strange Constraints: read_input_outter.modsumthree.b
Strange Constraints: read_input_outter.modsumthree.c
Strange Constraints: read_input_outter.modsumthree.c
Strange Constraints: add
Strange Constraints: add
Strange Constraints: lt
Strange Constraints: lt
Strange Constraints: lt
Strange Constraints: lt
Strange Constraints: sub
Strange Constraints: sub
Strange Constraints: sub
Strange Constraints: sub
Strange Constraints: sub
Strange Constraints: isEquals
Strange Constraints: isEquals
Strange Constraints: read_input_outter.iszero.in
Strange Constraints: read_input_outter.iszero.in
Strange Constraints: read_input_outter.iszero.in
Strange Constraints: lt
Strange Constraints: lt
Strange Constraints: eq
Strange Constraints: eq
Strange Constraints: read_input_outter.and.a
Strange Constraints: read_input_outter.and.b
Strange Constraints: read_input_outter.and.a
Strange Constraints: read_input_outter.and.b
Strange Constraints: read_input_outter.or.a
Strange Constraints: read_input_outter.or.b
Strange Constraints: read_input_outter.and.a
Strange Constraints: read_input_outter.and.b
Strange Constraints: read_input_outter.and.a
Strange Constraints: read_input_outter.and.b
Strange Constraints: read_input_outter.or.a
Strange Constraints: read_input_outter.or.b
Strange Constraints: read_input_outter.num2bits.in
Strange Constraints: read_input_outter.num2bits.in
Strange Constraints: mul
Strange Constraints: mul
Strange Constraints: mul
Strange Constraints: mul
Strange Constraints: add
Strange Constraints: add
Strange Constraints: add
Strange Constraints: add
Strange Constraints: add
Strange Constraints: add
Strange Constraints: add
Strange Constraints: add
Strange Constraints: add
Strange Constraints: add
Strange Constraints: lt
Strange Constraints: lt
Strange Constraints: read_output_outter.biglessthan.out
Strange Constraints: read_input_outter.num2bits.in
Strange Constraints: read_input_outter.num2bits.in
Strange Constraints: mul
Strange Constraints: mul
Strange Constraints: mul
Strange Constraints: mul
Strange Constraints: mul
Strange Constraints: add
Strange Constraints: add
Strange Constraints: add
Strange Constraints: add
Strange Constraints: add
Strange Constraints: lt
Strange Constraints: lt
Strange Constraints: read_output_outter.biglessthan.out
Strange Constraints: read_input_outter.num2bits.in
Strange Constraints: mult
Strange Constraints: mult
Strange Constraints: mod
Strange Constraints: mod
Strange Constraints: mod
Strange Constraints: mod
Strange Constraints: mult
Strange Constraints: mult
Strange Constraints: longshort
Strange Constraints: big_mult
Strange Constraints: big_mult
Strange Constraints: big_mod
Strange Constraints: big_mod
Strange Constraints: out_poly
Strange Constraints: out_poly
Strange Constraints: out_poly
Strange Constraints: out_poly
Strange Constraints: read_input_outter.modsub.a
Strange Constraints: read_input_outter.modsub.b
Strange Constraints: read_input_outter.modsubthree.a
Strange Constraints: read_input_outter.modsubthree.b
Strange Constraints: read_input_outter.modsubthree.c
Strange Constraints: read_input_outter.modsubthree.c
Strange Constraints: sub
Strange Constraints: sub
Strange Constraints: flag
Strange Constraints: add
Strange Constraints: add
Strange Constraints: tmp
Strange Constraints: mul
Strange Constraints: lin
Strange Constraints: b2n
Strange Constraints: aliasCheck
Strange Constraints: pX
Strange Constraints: pX
Strange Constraints: carry_check
Strange Constraints: carry_check
Strange Constraints: add
Strange Constraints: read_input_outter.num2bits.in
Strange Constraints: add
Strange Constraints: parts
Strange Constraints: parts
Strange Constraints: parts
Strange Constraints: parts
Strange Constraints: sout
Strange Constraints: read_input_outter.num2bits.in
Strange Constraints: read_input_outter.iszero.in
Strange Constraints: mul
Strange Constraints: adders
Strange Constraints: adders
Strange Constraints: c
Strange Constraints: neg
Strange Constraints: neg
Strange Constraints: read_input_outter.num2bits.in
Strange Constraints: in_out
Strange Constraints: in_out
Strange Constraints: in_out
Strange Constraints: in_out
Strange Constraints: lta
Strange Constraints: lta
Strange Constraints: ltb
Strange Constraints: ltb
Strange Constraints: isEquals
Strange Constraints: isEquals
Strange Constraints: read_output_outter.biglessthan.out
Strange Constraints: read_output_outter.biglessthan.out
Strange Constraints: read_input_outter.iszero.in
Strange Constraints: lt
Strange Constraints: lt
Strange Constraints: read_input_outter.iszero.in
Strange Constraints: read_output_outter.biglessthan.out
Strange Constraints: read_input_outter.iszero.in
Strange Constraints: c
Strange Constraints: c
Strange Constraints: c
Strange Constraints: c
Strange Constraints: carry_mod
Strange Constraints: compress
Strange Constraints: compress
Strange Constraints: compress
Strange Constraints: carry_mod
Strange Constraints: neg
Strange Constraints: sgn
Strange Constraints: isZero
Strange Constraints: sgn
Strange Constraints: sub
Strange Constraints: sub
Strange Constraints: sub
Strange Constraints: sub
Strange Constraints: add
Strange Constraints: add
Strange Constraints: lt
Strange Constraints: lt
Strange Constraints: lt
Strange Constraints: lt
Strange Constraints: sub
Strange Constraints: sub
Strange Constraints: sub
Strange Constraints: sub
Strange Constraints: sub
Strange Constraints: lt
Strange Constraints: lt
Strange Constraints: read_output_outter.biglessthan.out
Strange Constraints: isEqual
Strange Constraints: isEqual
Strange Constraints: isEqual
Strange Constraints: isEqual
Strange Constraints: lt
Strange Constraints: lt
Strange Constraints: isZero
Strange Constraints: read_output_outter.biglessthan.out
Strange Constraints: nocarry
Strange Constraints: nocarry
Strange Constraints: red
Strange Constraints: big_mod
Strange Constraints: neg
Strange Constraints: neg
Strange Constraints: is_zero
Strange Constraints: read_output_outter.bigsub.underflow
Strange Constraints: lt
Strange Constraints: lt
Strange Constraints: read_output_outter.biglessthan.out
Strange Constraints: mul
Strange Constraints: sub
Strange Constraints: sub
Strange Constraints: flag
Strange Constraints: add
Strange Constraints: add
Strange Constraints: tmp
Strange Constraints: lt
Strange Constraints: lt
Strange Constraints: lt
Strange Constraints: lt
Strange Constraints: read_input_outter.iszero.in
Strange Constraints: mul
Strange Constraints: lt
Strange Constraints: lt
Strange Constraints: read_input_outter.num2bits.in
Strange Constraints: read_input_outter.num2bits.in
Strange Constraints: read_input_outter.num2bits.in
Strange Constraints: mul
Strange Constraints: read_input_outter.num2bits.in
Strange Constraints: mul
Strange Constraints: runningCarry
Strange Constraints: read_input_outter.num2bits.in
Strange Constraints: b2n
Strange Constraints: b2n
Strange Constraints: lt
Strange Constraints: lt
Strange Constraints: b_plus_c
Strange Constraints: lt
Strange Constraints: lt
Strange Constraints: read_input_outter.num2bits.in
Strange Constraints: read_input_outter.num2bits.in
Strange Constraints: read_input_outter.num2bits.in
Strange Constraints: read_input_outter.and.a
Strange Constraints: read_input_outter.and.b
Strange Constraints: ands
Strange Constraints: ands
Strange Constraints: read_input_outter.and.a
Strange Constraints: read_input_outter.and.b
Strange Constraints: mul
Strange Constraints: lc
Strange Constraints: read_input_outter.num2bits.in
Strange Constraints: aliasCheck
Strange Constraints: mul
Strange Constraints: read_input_outter.iszero.in
Strange Constraints: add
Strange Constraints: read_input_outter.num2bits.in
Strange Constraints: read_input_outter.num2bits.in
Strange Constraints: mod_check
Strange Constraints: mod_check
Strange Constraints: mod_check
Strange Constraints: carry
Strange Constraints: compress
Strange Constraints: carry
Strange Constraints: check
Strange Constraints: mult
Strange Constraints: mult
Strange Constraints: read_input_outter.num2bits.in
Strange Constraints: mod_check
Strange Constraints: mod_check
Strange Constraints: mod_check
Strange Constraints: mult
Strange Constraints: mult
Strange Constraints: ab
Strange Constraints: ab
Strange Constraints: compress
Strange Constraints: ab
Strange Constraints: ab
Strange Constraints: abc
Strange Constraints: abc
Strange Constraints: compress
Strange Constraints: ab
Strange Constraints: ab
Strange Constraints: read_input_outter.num2bits.in
Strange Constraints: read_input_outter.num2bits.in
Strange Constraints: mod_check
Strange Constraints: mod_check
Strange Constraints: mod_check
Strange Constraints: read_input_outter.num2bits.in
Strange Constraints: read_input_outter.num2bits.in
Strange Constraints: read_input_outter.num2bits.in
Strange Constraints: read_input_outter.num2bits.in
Strange Constraints: read_input_outter.num2bits.in
Detecting: aliascheck

Detecting: and
Unconstrainted output signal: out

Detecting: bigadd
Unconstrainted output signal: out

Detecting: bigaddmodp
Unconstrainted output signal: out

Detecting: bigisequal
Unconstrainted output signal: out

Detecting: bigiszero
Unconstrainted output signal: out

Detecting: biglessthan
Unconstrainted output signal: out

Detecting: bigmod
Unconstrainted output signal: mod
Unconstrainted output signal: div

Detecting: bigmod2
Unconstrainted output signal: mod
Unconstrainted output signal: div

Detecting: bigmodinv
Unconstrainted output signal: out

Detecting: bigmult
Unconstrainted output signal: out

Detecting: bigmultmodp
Unconstrainted output signal: out

Detecting: bigmultshortlong
Unconstrainted output signal: out

Detecting: bigmultshortlong2d
Unconstrainted output signal: out

Detecting: bigmultshortlong2dunequal
Unconstrainted output signal: out

Detecting: bigmultshortlongunequal
Unconstrainted output signal: out

Detecting: bigsub
Unconstrainted output signal: underflow
Unconstrainted output signal: out

Detecting: bigsubmodp
Unconstrainted output signal: out

Detecting: binsum
Unconstrainted output signal: out

Detecting: bits2num
Unconstrainted output signal: out

Detecting: bits2num_strict
Unconstrainted output signal: out

Detecting: checkcarrymodp

Detecting: checkcarrytozero

Detecting: compconstant
Unconstrainted output signal: out

Detecting: forceequalifenabled

Detecting: fp2add
Unconstrainted output signal: out

Detecting: fp2compress
Unconstrainted output signal: out

Detecting: fp2conjugate
Unconstrainted output signal: out

Detecting: fp2frobeniusmap
Unconstrainted output signal: out

Detecting: fp2invert
Unconstrainted output signal: out

Detecting: fp2isequal
Unconstrainted output signal: out

Detecting: fp2iszero
Unconstrainted output signal: out

Detecting: fp2multiply
Unconstrainted output signal: out

Detecting: fp2multiplythree
Unconstrainted output signal: out

Detecting: fp2negate
Unconstrainted output signal: out

Detecting: fp2sgn0
Unconstrainted output signal: out

Detecting: fp2subtract
Unconstrainted output signal: out

Detecting: fpadd
Unconstrainted output signal: out

Detecting: fpisequal
Unconstrainted output signal: out

Detecting: fpiszero
Unconstrainted output signal: out

Detecting: fpmultiply
Unconstrainted output signal: out

Detecting: fpnegate
Unconstrainted output signal: out

Detecting: fpsgn0
Unconstrainted output signal: out

Detecting: fpsubtract
Unconstrainted output signal: out

Detecting: greatereqthan
Unconstrainted output signal: out

Detecting: greaterthan
Unconstrainted output signal: out

Detecting: isequal
Unconstrainted output signal: out

Detecting: iszero
Unconstrainted output signal: out

Detecting: lesseqthan
Unconstrainted output signal: out

Detecting: lessthan
Unconstrainted output signal: out

Detecting: longtoshortnoendcarry
Unconstrainted output signal: out

Detecting: modprod
Unconstrainted output signal: carry
Unconstrainted output signal: prod

Detecting: modsub
Unconstrainted output signal: borrow
Unconstrainted output signal: out

Detecting: modsubthree
Unconstrainted output signal: borrow
Unconstrainted output signal: out

Detecting: modsum
Unconstrainted output signal: carry
Unconstrainted output signal: sum

Detecting: modsumfour
Unconstrainted output signal: carry
Unconstrainted output signal: sum

Detecting: modsumthree
Unconstrainted output signal: carry
Unconstrainted output signal: sum

Detecting: multiand
Unconstrainted output signal: out

Detecting: nand
Unconstrainted output signal: out

Detecting: nor
Unconstrainted output signal: out

Detecting: not
Unconstrainted output signal: out

Detecting: num2bits
Unconstrainted output signal: out

Detecting: num2bits_strict
Unconstrainted output signal: out

Detecting: num2bitsneg
Unconstrainted output signal: out

Detecting: or
Unconstrainted output signal: out

Detecting: primereduce
Unconstrainted output signal: out

Detecting: rangecheck2d

Detecting: signedcheckcarrymodtozero
Unconstrainted output signal: X

Detecting: signedfp2carrymodp
Unconstrainted output signal: out
Unconstrainted output signal: X

Detecting: signedfp2compresscarry
Unconstrainted output signal: out

Detecting: signedfp2divide
Unconstrainted output signal: out

Detecting: signedfp2multiplynocarry
Unconstrainted output signal: out

Detecting: signedfp2multiplynocarrycompress
Unconstrainted output signal: out

Detecting: signedfp2multiplynocarrycompressthree
Unconstrainted output signal: out

Detecting: signedfp2multiplynocarryunequal
Unconstrainted output signal: out

Detecting: signedfpcarrymodp
Unconstrainted output signal: out
Unconstrainted output signal: X

Detecting: split
Unconstrainted output signal: big
Unconstrainted output signal: small

Detecting: splitthree
Unconstrainted output signal: big
Unconstrainted output signal: medium
Unconstrainted output signal: small

Detecting: xor
Unconstrainted output signal: out

