https://github.com/yi-sun/circom-pairing/tree/master/circuits/fp.circom
Detecting: aliascheck
Component: compconstant

Detecting: and

Detecting: bigadd
Component: modsumthree
Component: modsum

Detecting: bigaddmodp
Component: bigsub
    Unused output signal: underflow
Component: biglessthan
Component: bigadd

Detecting: bigisequal
Component: iszero
Component: isequal

Detecting: bigiszero
Component: iszero

Detecting: biglessthan
Component: or
Component: and
Component: isequal
Component: lessthan

Detecting: bigmod
Component: biglessthan
Component: bigadd
Component: bigmult
Component: num2bits
    Unused output signal: out

Detecting: bigmod2
Component: biglessthan
Component: bigadd
Component: bigmult
Component: num2bits
    Unused output signal: out

Detecting: bigmodinv
Component: bigmod
    Unused output signal: div
Component: bigmult
Component: num2bits
    Unused output signal: out

Detecting: bigmult
Component: longtoshortnoendcarry
Component: bigmultshortlong

Detecting: bigmultmodp
Component: bigmod
    Unused output signal: div
Component: bigmult

Detecting: bigmultshortlong

Detecting: bigmultshortlong2d

Detecting: bigmultshortlong2dunequal

Detecting: bigmultshortlongunequal

Detecting: bigsub
Component: modsubthree
Component: modsub

Detecting: bigsubmodp
Component: bigadd
Component: bigsub

Detecting: binsum

Detecting: bits2num

Detecting: bits2num_strict
Component: bits2num
Component: aliascheck

Detecting: checkcarrymodp
Component: checkcarrytozero
Component: bigmultshortlongunequal

Detecting: checkcarrytozero
Component: num2bits
    Unused output signal: out

Detecting: compconstant
Component: num2bits

Detecting: forceequalifenabled
Component: iszero

Detecting: fpadd
Component: bigsub
    Unused output signal: underflow
Component: biglessthan
Component: bigadd

Detecting: fpisequal
Component: isequal
Component: biglessthan

Detecting: fpiszero
Component: bigiszero
Component: biglessthan

Detecting: fpmultiply
Component: signedfpcarrymodp
    Unused output signal: x
Component: primereduce
Component: bigmultshortlong

Detecting: fpnegate
Component: bigiszero
Component: bigsub

Detecting: fpsgn0
Component: biglessthan

Detecting: fpsubtract
Component: bigadd
Component: bigsub

Detecting: greatereqthan
Component: lessthan

Detecting: greaterthan
Component: lessthan

Detecting: isequal
Component: iszero

Detecting: iszero

Detecting: lesseqthan
Component: lessthan

Detecting: lessthan
Component: num2bits

Detecting: longtoshortnoendcarry
Component: num2bits
    Unused output signal: out

Detecting: modprod
Component: bits2num
Component: num2bits

Detecting: modsub
Component: lessthan

Detecting: modsubthree
Component: lessthan

Detecting: modsum
Component: num2bits

Detecting: modsumfour
Component: num2bits

Detecting: modsumthree
Component: num2bits

Detecting: multiand
Component: multiand
    Unused output signal: out
Component: and

Detecting: nand

Detecting: nor

Detecting: not

Detecting: num2bits

Detecting: num2bits_strict
Component: num2bits
Component: aliascheck

Detecting: num2bitsneg
Component: iszero

Detecting: or

Detecting: primereduce

Detecting: signedcheckcarrymodtozero
Component: checkcarrymodp
Component: num2bits
    Unused output signal: out

Detecting: signedfpcarrymodp
Component: checkcarrymodp
Component: num2bits
    Unused output signal: out

Detecting: split
Component: num2bits
    Unused output signal: out

Detecting: splitthree
Component: num2bits
    Unused output signal: out

Detecting: xor

