https://github.com/yi-sun/circom-pairing/tree/master/circuits/bls_signature.circom
Detecting: aliascheck
Template: aliascheck
Arguments: 
Input Signals: 
in
Inter Signals: 
Output Signals: 
Components: 
compconstant

in --> compconstant


Detecting: and
Template: and
Arguments: 
Input Signals: 
b
a
Inter Signals: 
Output Signals: 
out
Components: 

a --> out
b --> out


Detecting: bigadd
Template: bigadd
Arguments: 
k
n
Input Signals: 
b
a
Inter Signals: 
Output Signals: 
out
Components: 
modsumthree
modsum

a --> modsum
b --> modsum
modsum --> out
a --> modsumthree
b --> modsumthree
modsum --> modsumthree
modsumthree --> modsumthree
modsumthree --> out


Detecting: bigaddmodp
Template: bigaddmodp
Arguments: 
k
n
Input Signals: 
p
b
a
Inter Signals: 
Output Signals: 
out
Components: 
bigsub
biglessthan
bigadd

a --> bigadd
b --> bigadd
bigadd --> biglessthan
p --> biglessthan
bigadd --> bigsub
biglessthan --> bigsub
p --> bigsub
bigsub --> out


Detecting: bigisequal
Template: bigisequal
Arguments: 
k
Input Signals: 
b
a
Inter Signals: 
Output Signals: 
out
Components: 
iszero
isequal

a --> isequal
b --> isequal
isequal --> iszero
iszero --> out


Detecting: bigiszero
Template: bigiszero
Arguments: 
k
Input Signals: 
in
Inter Signals: 
Output Signals: 
out
Components: 
iszero

in --> iszero
iszero --> iszero
iszero --> out


Detecting: biglessthan
Template: biglessthan
Arguments: 
k
n
Input Signals: 
b
a
Inter Signals: 
Output Signals: 
out
Components: 
or
and
isequal
lessthan

a --> lessthan
b --> lessthan
a --> isequal
b --> isequal
isequal --> and
lessthan --> and
lessthan --> or
and --> or
and --> and
or --> or
or --> out


Detecting: bigmod
Template: bigmod
Arguments: 
k
n
Input Signals: 
b
a
Inter Signals: 
Output Signals: 
mod
div
Components: 
biglessthan
bigadd
bigmult
num2bits

div --> num2bits
mod --> num2bits
div --> bigmult
b --> bigmult
bigmult --> bigadd
mod --> bigadd
a --> bigadd
mod --> biglessthan
b --> biglessthan


Detecting: bigmod2
Template: bigmod2
Arguments: 
m
k
n
Input Signals: 
b
a
Inter Signals: 
Output Signals: 
mod
div
Components: 
biglessthan
bigadd
bigmult
num2bits

div --> num2bits
mod --> num2bits
div --> bigmult
b --> bigmult
bigmult --> bigadd
mod --> bigadd
a --> bigadd
mod --> biglessthan
b --> biglessthan


Detecting: bigmodinv
Unconstrainted output signal: out
Template: bigmodinv
Arguments: 
k
n
Input Signals: 
p
in
Inter Signals: 
Output Signals: 
out
Components: 
bigmod
bigmult
num2bits

out --> num2bits
in --> bigmult
out --> bigmult
bigmult --> bigmod
p --> bigmod


Detecting: bigmult
Unconstrainted output signal: out
Template: bigmult
Arguments: 
k
n
Input Signals: 
b
a
Inter Signals: 
Output Signals: 
out
Components: 
longtoshortnoendcarry
bigmultshortlong

a --> bigmultshortlong
b --> bigmultshortlong
bigmultshortlong --> longtoshortnoendcarry
longtoshortnoendcarry --> out


Detecting: bigmultmodp
Template: bigmultmodp
Arguments: 
k
n
Input Signals: 
p
b
a
Inter Signals: 
Output Signals: 
out
Components: 
bigmod
bigmult

a --> bigmult
b --> bigmult
bigmult --> bigmod
p --> bigmod
bigmod --> out


Detecting: bigmultshortlong
Unconstrainted output signal: out
Template: bigmultshortlong
Arguments: 
m_out
k
n
Input Signals: 
b
a
Inter Signals: 
Output Signals: 
out
Components: 



Detecting: bigmultshortlong2d
Unconstrainted output signal: out
Template: bigmultshortlong2d
Arguments: 
l
k
n
Input Signals: 
b
a
Inter Signals: 
Output Signals: 
out
Components: 



Detecting: bigmultshortlong2dunequal
Unconstrainted output signal: out
Template: bigmultshortlong2dunequal
Arguments: 
lb
la
ka
kb
n
Input Signals: 
b
a
Inter Signals: 
Output Signals: 
out
Components: 



Detecting: bigmultshortlongunequal
Unconstrainted output signal: out
Template: bigmultshortlongunequal
Arguments: 
m_out
ka
kb
n
Input Signals: 
b
a
Inter Signals: 
Output Signals: 
out
Components: 



Detecting: bigsub
Template: bigsub
Arguments: 
k
n
Input Signals: 
b
a
Inter Signals: 
Output Signals: 
underflow
out
Components: 
modsubthree
modsub

a --> modsub
b --> modsub
modsub --> out
a --> modsubthree
b --> modsubthree
modsub --> modsubthree
modsubthree --> modsubthree
modsubthree --> out
modsubthree --> underflow


Detecting: bigsubmodp
Template: bigsubmodp
Arguments: 
k
n
Input Signals: 
p
b
a
Inter Signals: 
tmp
flag
Output Signals: 
out
Components: 
bigadd
bigsub

a --> bigsub
b --> bigsub
bigsub --> flag
bigsub --> bigadd
p --> bigadd
flag --> tmp
bigsub --> tmp
tmp --> out
flag --> out
bigadd --> out


Detecting: binsum
Template: binsum
Arguments: 
ops
n
Input Signals: 
in
Inter Signals: 
Output Signals: 
out
Components: 

out --> in


Detecting: bits2num
Template: bits2num
Arguments: 
n
Input Signals: 
in
Inter Signals: 
Output Signals: 
out
Components: 

in --> out


Detecting: bits2num_strict
Template: bits2num_strict
Arguments: 
Input Signals: 
in
Inter Signals: 
Output Signals: 
out
Components: 
bits2num
aliascheck

in --> bits2num
in --> aliascheck
bits2num --> out


Detecting: blsmillerloop
Unconstrainted output signal: out
Template: blsmillerloop
Arguments: 
q
k
n
Input Signals: 
q
p
Inter Signals: 
Output Signals: 
out
Components: 
fp12multiply
fp12multiplywithlineunequal
fp12invert
millerloop

millerloop --> millerloop
millerloop --> fp12multiplywithlineunequal
millerloop --> fp12invert
fp12multiplywithlineunequal --> fp12multiply
fp12invert --> fp12multiply
fp12multiply --> out


Detecting: checkcarrymodp
Template: checkcarrymodp
Arguments: 
p
m
k
overflow
n
Input Signals: 
y
x
in
Inter Signals: 
Output Signals: 
Components: 
checkcarrytozero
bigmultshortlongunequal

in --> checkcarrytozero
bigmultshortlongunequal --> checkcarrytozero


Detecting: checkcarrytozero
Template: checkcarrytozero
Arguments: 
k
m
n
Input Signals: 
in
Inter Signals: 
carry
Output Signals: 
Components: 
num2bits

carry --> in
carry --> carry
carry --> num2bits


Detecting: clearcofactorg2
Template: clearcofactorg2
Arguments: 
k
n
Input Signals: 
inisinfinity
in
Inter Signals: 
p
Output Signals: 
isinfinity
out
Components: 
ellipticcurveaddfp2
ellipticcurvescalarmultiplyfp2
ellipticcurvedoublefp2
endomorphismpsi2
endomorphismpsi
fp2negate

inisinfinity --> ellipticcurvescalarmultiplyfp2
endomorphismpsi --> fp2negate
ellipticcurvedoublefp2 --> endomorphismpsi2
ellipticcurvescalarmultiplyfp2 --> ellipticcurveaddfp2
inisinfinity --> ellipticcurveaddfp2
ellipticcurveaddfp2 --> ellipticcurveaddfp2
endomorphismpsi --> ellipticcurveaddfp2
fp2negate --> ellipticcurveaddfp2
ellipticcurveaddfp2 --> ellipticcurvescalarmultiplyfp2
endomorphismpsi2 --> ellipticcurveaddfp2
ellipticcurveaddfp2 --> out
isinfinity --> out


Detecting: compconstant
Template: compconstant
Arguments: 
ct
Input Signals: 
in
Inter Signals: 
sout
parts
Output Signals: 
out
Components: 
num2bits

in --> parts
parts --> sout
sout --> num2bits
num2bits --> out


Detecting: coreverifypubkeyg1
Template: coreverifypubkeyg1
Arguments: 
k
n
Input Signals: 
hash
signature
pubkey
Inter Signals: 
Output Signals: 
Components: 
coreverifypubkeyg1nocheck
maptog2
subgroupcheckg2
rangecheck2d
subgroupcheckg1
biglessthan

pubkey --> biglessthan
signature --> biglessthan
hash --> biglessthan
pubkey --> rangecheck2d
signature --> rangecheck2d
hash --> rangecheck2d
pubkey --> subgroupcheckg1
signature --> subgroupcheckg2
hash --> maptog2
pubkey --> coreverifypubkeyg1nocheck
signature --> coreverifypubkeyg1nocheck
maptog2 --> coreverifypubkeyg1nocheck


Detecting: coreverifypubkeyg1nocheck
Unconstrainted output signal: out
Template: coreverifypubkeyg1nocheck
Arguments: 
k
n
Input Signals: 
hm
signature
pubkey
Inter Signals: 
neg_s
Output Signals: 
out
Components: 
iszero
finalexponentiate
millerloopfp2two
fpnegate

signature --> fpnegate
signature --> neg_s
fpnegate --> neg_s
neg_s --> millerloopfp2two
pubkey --> millerloopfp2two
millerloopfp2two --> finalexponentiate
finalexponentiate --> iszero
iszero --> iszero
iszero --> out


Detecting: ellipticcurveadd
Template: ellipticcurveadd
Arguments: 
p
a1
k
b1
n
Input Signals: 
bisinfinity
b
aisinfinity
a
Inter Signals: 
tmp
anegb
ab0
add_is_double
Output Signals: 
isinfinity
out
Components: 
ellipticcurvedouble
ellipticcurveaddunequal
iszero
fpisequal

a --> fpisequal
b --> fpisequal
fpisequal --> add_is_double
b --> iszero
a --> ellipticcurveaddunequal
b --> ellipticcurveaddunequal
fpisequal --> ellipticcurveaddunequal
iszero --> ellipticcurveaddunequal
a --> ellipticcurvedouble
aisinfinity --> ab0
bisinfinity --> ab0
fpisequal --> anegb
ellipticcurveaddunequal --> tmp
add_is_double --> tmp
ellipticcurvedouble --> tmp
tmp --> tmp
aisinfinity --> tmp
b --> tmp
bisinfinity --> tmp
a --> tmp
tmp --> out
isinfinity --> out
a --> out


Detecting: ellipticcurveaddfp2
Template: ellipticcurveaddfp2
Arguments: 
p
a2
k
b2
n
Input Signals: 
bisinfinity
b
aisinfinity
a
Inter Signals: 
tmp
anegb
ab0
add_is_double
Output Signals: 
isinfinity
out
Components: 
ellipticcurveaddunequalfp2
iszero
ellipticcurvedoublefp2
fp2isequal

a --> fp2isequal
b --> fp2isequal
fp2isequal --> add_is_double
b --> iszero
a --> ellipticcurveaddunequalfp2
b --> ellipticcurveaddunequalfp2
fp2isequal --> ellipticcurveaddunequalfp2
iszero --> ellipticcurveaddunequalfp2
a --> ellipticcurvedoublefp2
aisinfinity --> ab0
bisinfinity --> ab0
fp2isequal --> anegb
ellipticcurveaddunequalfp2 --> tmp
add_is_double --> tmp
ellipticcurvedoublefp2 --> tmp
tmp --> tmp
aisinfinity --> tmp
b --> tmp
bisinfinity --> tmp
a --> tmp
tmp --> out
isinfinity --> out
a --> out


Detecting: ellipticcurveaddunequal
Template: ellipticcurveaddunequal
Arguments: 
p
k
n
Input Signals: 
b
a
Inter Signals: 
Output Signals: 
out
Components: 
rangecheck2d
pointonline
bigmultshortlongunequal
signedcheckcarrymodtozero
primereduce
bigmultshortlong

b --> bigmultshortlong
a --> bigmultshortlong
a --> bigmultshortlongunequal
b --> bigmultshortlongunequal
out --> bigmultshortlongunequal
bigmultshortlong --> bigmultshortlongunequal
bigmultshortlongunequal --> primereduce
bigmultshortlong --> primereduce
primereduce --> signedcheckcarrymodtozero
a --> pointonline
b --> pointonline
out --> pointonline
out --> rangecheck2d


Detecting: ellipticcurveaddunequalfp2
Template: ellipticcurveaddunequalfp2
Arguments: 
p
k
n
Input Signals: 
b
a
Inter Signals: 
Output Signals: 
out
Components: 
rangecheck2d
bigmultshortlong2dunequal
pointonlinefp2
signedcheckcarrymodtozero
primereduce
bigmultshortlong2d

b --> bigmultshortlong2d
a --> bigmultshortlong2d
a --> bigmultshortlong2dunequal
b --> bigmultshortlong2dunequal
out --> bigmultshortlong2dunequal
bigmultshortlong2d --> bigmultshortlong2dunequal
bigmultshortlong2dunequal --> primereduce
bigmultshortlong2d --> primereduce
primereduce --> signedcheckcarrymodtozero
a --> pointonlinefp2
b --> pointonlinefp2
out --> pointonlinefp2
out --> rangecheck2d


Detecting: ellipticcurvedouble
Template: ellipticcurvedouble
Arguments: 
p
b
k
a
n
Input Signals: 
in
Inter Signals: 
Output Signals: 
out
Components: 
fpisequal
pointoncurve
pointontangent
rangecheck2d

out --> rangecheck2d
in --> pointontangent
out --> pointontangent
out --> pointoncurve
out --> fpisequal
in --> fpisequal


Detecting: ellipticcurvedoublefp2
Template: ellipticcurvedoublefp2
Arguments: 
p
b
k
a
n
Input Signals: 
in
Inter Signals: 
Output Signals: 
out
Components: 
fp2isequal
pointoncurvefp2
pointontangentfp2
rangecheck2d

out --> rangecheck2d
in --> pointontangentfp2
out --> pointontangentfp2
out --> pointoncurvefp2
out --> fp2isequal
in --> fp2isequal


Detecting: ellipticcurvefunction
Unconstrainted output signal: out
Template: ellipticcurvefunction
Arguments: 
p
b
k
a
n
Input Signals: 
in
Inter Signals: 
Output Signals: 
out
Components: 
signedfp2carrymodp
primereduce
signedfp2multiplynocarryunequal

in --> signedfp2multiplynocarryunequal
signedfp2multiplynocarryunequal --> signedfp2multiplynocarryunequal
signedfp2multiplynocarryunequal --> primereduce
in --> primereduce
primereduce --> signedfp2carrymodp
signedfp2carrymodp --> out


Detecting: ellipticcurvescalarmultiply
Template: ellipticcurvescalarmultiply
Arguments: 
p
x
b
k
n
Input Signals: 
inisinfinity
in
Inter Signals: 
p
r_iso
r
Output Signals: 
isinfinity
out
Components: 
ellipticcurveadd
ellipticcurvedouble

ellipticcurvedouble --> ellipticcurveadd
isinfinity --> out
in --> out


Detecting: ellipticcurvescalarmultiplyfp2
Template: ellipticcurvescalarmultiplyfp2
Arguments: 
p
x
b
k
n
Input Signals: 
inisinfinity
in
Inter Signals: 
p
r_iso
r
Output Signals: 
isinfinity
out
Components: 
ellipticcurveaddfp2
ellipticcurvedoublefp2

ellipticcurvedoublefp2 --> ellipticcurveaddfp2
isinfinity --> out
in --> out


Detecting: ellipticcurvescalarmultiplyunequal
Unconstrainted output signal: out
Template: ellipticcurvescalarmultiplyunequal
Arguments: 
p
x
b
k
n
Input Signals: 
in
Inter Signals: 
r
Output Signals: 
out
Components: 
ellipticcurveaddunequal
fpisequal
ellipticcurvedouble

ellipticcurvedouble --> fpisequal
in --> fpisequal
ellipticcurvedouble --> ellipticcurveaddunequal
in --> ellipticcurveaddunequal


Detecting: ellipticcurvescalarmultiplyunequalfp2
Unconstrainted output signal: out
Template: ellipticcurvescalarmultiplyunequalfp2
Arguments: 
p
x
b
k
n
Input Signals: 
in
Inter Signals: 
r
Output Signals: 
out
Components: 
ellipticcurveaddunequalfp2
fp2isequal
ellipticcurvedoublefp2

ellipticcurvedoublefp2 --> fp2isequal
in --> fp2isequal
ellipticcurvedoublefp2 --> ellipticcurveaddunequalfp2
in --> ellipticcurveaddunequalfp2


Detecting: endomorphismpsi
Unconstrainted output signal: out
Template: endomorphismpsi
Arguments: 
p
k
n
Input Signals: 
in
Inter Signals: 
Output Signals: 
out
Components: 
fp2multiply
fp2frobeniusmap

in --> fp2frobeniusmap
fp2frobeniusmap --> fp2multiply
fp2multiply --> out


Detecting: endomorphismpsi2
Template: endomorphismpsi2
Arguments: 
p
k
n
Input Signals: 
in
Inter Signals: 
Output Signals: 
out
Components: 
bigsub
fpmultiply

in --> fpmultiply
in --> bigsub
fpmultiply --> out
bigsub --> out


Detecting: finalexpeasypart
Unconstrainted output signal: out
Template: finalexpeasypart
Arguments: 
p
k
n
Input Signals: 
in
Inter Signals: 
Output Signals: 
out
Components: 
fp12invert
fp12multiply
fp12frobeniusmap

in --> fp12frobeniusmap
in --> fp12invert
fp12frobeniusmap --> fp12multiply
fp12invert --> fp12multiply
fp12multiply --> fp12frobeniusmap
fp12multiply --> fp12multiply
fp12multiply --> out


Detecting: finalexphardpart
Unconstrainted output signal: out
Template: finalexphardpart
Arguments: 
p
k
n
Input Signals: 
in
Inter Signals: 
Output Signals: 
out
Components: 
fp12multiply
fp12frobeniusmap
fp12cyclotomicexp

in --> fp12cyclotomicexp
fp12cyclotomicexp --> fp12cyclotomicexp
fp12cyclotomicexp --> fp12frobeniusmap
fp12frobeniusmap --> fp12cyclotomicexp
fp12cyclotomicexp --> fp12multiply
fp12frobeniusmap --> fp12multiply
fp12multiply --> fp12cyclotomicexp
fp12multiply --> fp12frobeniusmap
fp12multiply --> fp12multiply
in --> fp12multiply
fp12multiply --> out


Detecting: finalexponentiate
Unconstrainted output signal: out
Template: finalexponentiate
Arguments: 
p
k
n
Input Signals: 
in
Inter Signals: 
Output Signals: 
out
Components: 
finalexphardpart
finalexpeasypart

in --> finalexpeasypart
finalexpeasypart --> finalexphardpart
finalexphardpart --> out


Detecting: forceequalifenabled
Template: forceequalifenabled
Arguments: 
Input Signals: 
in
enabled
Inter Signals: 
Output Signals: 
Components: 
iszero

in --> iszero


Detecting: fp12add
Template: fp12add
Arguments: 
p
k
n
Input Signals: 
b
a
Inter Signals: 
Output Signals: 
out
Components: 
fpadd

a --> fpadd
b --> fpadd
fpadd --> out


Detecting: fp12compress
Unconstrainted output signal: out
Template: fp12compress
Arguments: 
m_out
p
m
k
n
Input Signals: 
in
Inter Signals: 
Output Signals: 
out
Components: 
primereduce

in --> primereduce
primereduce --> out


Detecting: fp12cyclotomiccompress
Template: fp12cyclotomiccompress
Arguments: 
k
n
Input Signals: 
in
Inter Signals: 
Output Signals: 
out
Components: 

in --> out


Detecting: fp12cyclotomicdecompress
Template: fp12cyclotomicdecompress
Arguments: 
p
k
n
Input Signals: 
in
Inter Signals: 
g0_0
g0_1
g1num
Output Signals: 
out
Components: 
signedfp2multiplynocarrycompress
fp2iszero
signedfp2divide
fp2compress
signedfp2carrymodp
signedfp2multiplynocarry

in --> out
in --> fp2iszero
in --> signedfp2multiplynocarry
signedfp2multiplynocarry --> g1num
in --> g1num
g1num --> fp2compress
fp2compress --> signedfp2divide
in --> signedfp2divide
in --> signedfp2multiplynocarrycompress
signedfp2multiplynocarrycompress --> signedfp2divide
signedfp2divide --> out
fp2iszero --> out
signedfp2divide --> signedfp2multiplynocarry
fp2compress --> signedfp2carrymodp
signedfp2carrymodp --> g0_1
signedfp2carrymodp --> g0_0
g0_1 --> out
g0_0 --> out


Detecting: fp12cyclotomicexp
Template: fp12cyclotomicexp
Arguments: 
p
e
k
n
Input Signals: 
in
Inter Signals: 
first
Output Signals: 
out
Components: 
fp12multiply
fp12cyclotomicdecompress
fp12cyclotomicsquare
fp12cyclotomiccompress

in --> fp12cyclotomiccompress
fp12cyclotomiccompress --> fp12cyclotomicsquare
fp12cyclotomicsquare --> fp12cyclotomicsquare
fp12cyclotomicsquare --> fp12cyclotomicdecompress
in --> first
fp12cyclotomicdecompress --> first
fp12cyclotomicdecompress --> fp12multiply
first --> fp12multiply
fp12multiply --> fp12multiply
first --> out
fp12multiply --> out


Detecting: fp12cyclotomicsquare
Unconstrainted output signal: out
Template: fp12cyclotomicsquare
Arguments: 
p
k
n
Input Signals: 
in
Inter Signals: 
Output Signals: 
out
Components: 
fp2compress
signedfp2carrymodp
signedfp12cyclotomicsquarenocarry

in --> signedfp12cyclotomicsquarenocarry
signedfp12cyclotomicsquarenocarry --> fp2compress
fp2compress --> signedfp2carrymodp
signedfp2carrymodp --> out


Detecting: fp12exp
Template: fp12exp
Arguments: 
p
e
k
n
Input Signals: 
in
Inter Signals: 
first
Output Signals: 
out
Components: 
fp12multiply
fp12square

in --> fp12square
fp12square --> fp12square
in --> first
fp12square --> first
fp12square --> fp12multiply
first --> fp12multiply
fp12multiply --> fp12multiply
first --> out
fp12multiply --> out


Detecting: fp12frobeniusmap
Template: fp12frobeniusmap
Arguments: 
power
k
n
Input Signals: 
in
Inter Signals: 
Output Signals: 
out
Components: 
fp2multiply
fp2frobeniusmap
fpmultiply

in --> out
in --> fpmultiply
fpmultiply --> out
in --> fp2frobeniusmap
fp2frobeniusmap --> out
fp2frobeniusmap --> fp2multiply
fp2multiply --> out


Detecting: fp12invert
Unconstrainted output signal: out
Template: fp12invert
Arguments: 
p
k
n
Input Signals: 
in
Inter Signals: 
Output Signals: 
out
Components: 
fp12multiply
num2bits

out --> num2bits
in --> fp12multiply
out --> fp12multiply


Detecting: fp12multiply
Unconstrainted output signal: out
Template: fp12multiply
Arguments: 
p
k
n
Input Signals: 
b
a
Inter Signals: 
Output Signals: 
out
Components: 
signedfp12carrymodp
signedfp12multiplynocarrycompress

a --> signedfp12multiplynocarrycompress
b --> signedfp12multiplynocarrycompress
signedfp12multiplynocarrycompress --> signedfp12carrymodp
signedfp12carrymodp --> out


Detecting: fp12multiplywithlineunequal
Unconstrainted output signal: out
Template: fp12multiplywithlineunequal
Arguments: 
q
overflowg
kg
k
n
Input Signals: 
q
p
g
Inter Signals: 
Output Signals: 
out
Components: 
signedfp12carrymodp
fp12compress
signedfp12multiplynocarryunequal
signedlinefunctionunequalnocarry

g --> signedfp12multiplynocarryunequal
signedlinefunctionunequalnocarry --> signedfp12multiplynocarryunequal
signedfp12multiplynocarryunequal --> fp12compress
fp12compress --> signedfp12carrymodp
signedfp12carrymodp --> out


Detecting: fp12multiplywithlineunequalfp2
Unconstrainted output signal: out
Template: fp12multiplywithlineunequalfp2
Arguments: 
q
overflowg
kg
k
n
Input Signals: 
q
p
g
Inter Signals: 
Output Signals: 
out
Components: 
signedfp12carrymodp
fp12compress
signedfp12multiplynocarryunequal
signedlinefunctionunequalnocarryfp2

g --> signedfp12multiplynocarryunequal
signedlinefunctionunequalnocarryfp2 --> signedfp12multiplynocarryunequal
signedfp12multiplynocarryunequal --> fp12compress
fp12compress --> signedfp12carrymodp
signedfp12carrymodp --> out


Detecting: fp12square
Unconstrainted output signal: out
Template: fp12square
Arguments: 
p
k
n
Input Signals: 
in
Inter Signals: 
Output Signals: 
out
Components: 
fp12multiply

in --> fp12multiply
fp12multiply --> out


Detecting: fp2add
Template: fp2add
Arguments: 
p
k
n
Input Signals: 
b
a
Inter Signals: 
Output Signals: 
out
Components: 
fpadd

a --> fpadd
b --> fpadd
fpadd --> out


Detecting: fp2compress
Unconstrainted output signal: out
Template: fp2compress
Arguments: 
m_out
p
m
k
n
Input Signals: 
in
Inter Signals: 
Output Signals: 
out
Components: 
primereduce

in --> primereduce
primereduce --> out


Detecting: fp2conjugate
Template: fp2conjugate
Arguments: 
p
k
n
Input Signals: 
in
Inter Signals: 
Output Signals: 
out
Components: 
fpnegate

in --> fpnegate
in --> out
fpnegate --> out


Detecting: fp2frobeniusmap
Template: fp2frobeniusmap
Arguments: 
p
power
k
n
Input Signals: 
in
Inter Signals: 
Output Signals: 
out
Components: 
fpnegate

in --> out
in --> fpnegate
fpnegate --> out


Detecting: fp2invert
Unconstrainted output signal: out
Template: fp2invert
Arguments: 
p
k
n
Input Signals: 
in
Inter Signals: 
Output Signals: 
out
Components: 
fp2multiply
num2bits

out --> num2bits
in --> fp2multiply
out --> fp2multiply


Detecting: fp2isequal
Template: fp2isequal
Arguments: 
p
k
n
Input Signals: 
b
a
Inter Signals: 
Output Signals: 
out
Components: 
iszero
isequal
biglessthan

a --> biglessthan
b --> biglessthan
a --> isequal
b --> isequal
isequal --> iszero
iszero --> out


Detecting: fp2iszero
Template: fp2iszero
Arguments: 
p
k
n
Input Signals: 
in
Inter Signals: 
Output Signals: 
out
Components: 
iszero
biglessthan

in --> biglessthan
in --> iszero
iszero --> iszero
iszero --> out


Detecting: fp2multiply
Unconstrainted output signal: out
Template: fp2multiply
Arguments: 
p
k
n
Input Signals: 
b
a
Inter Signals: 
Output Signals: 
out
Components: 
signedfp2carrymodp
signedfp2multiplynocarrycompress

a --> signedfp2multiplynocarrycompress
b --> signedfp2multiplynocarrycompress
signedfp2multiplynocarrycompress --> signedfp2carrymodp
signedfp2carrymodp --> out


Detecting: fp2multiplythree
Unconstrainted output signal: out
Template: fp2multiplythree
Arguments: 
p
k
n
Input Signals: 
b
c
a
Inter Signals: 
Output Signals: 
out
Components: 
signedfp2carrymodp
signedfp2multiplynocarrycompressthree

a --> signedfp2multiplynocarrycompressthree
b --> signedfp2multiplynocarrycompressthree
c --> signedfp2multiplynocarrycompressthree
signedfp2multiplynocarrycompressthree --> signedfp2carrymodp
signedfp2carrymodp --> out


Detecting: fp2negate
Template: fp2negate
Arguments: 
p
k
n
Input Signals: 
in
Inter Signals: 
Output Signals: 
out
Components: 
fpnegate

in --> fpnegate
fpnegate --> out


Detecting: fp2sgn0
Template: fp2sgn0
Arguments: 
p
k
n
Input Signals: 
in
Inter Signals: 
sgn1
Output Signals: 
out
Components: 
bigiszero
fpsgn0

in --> fpsgn0
in --> bigiszero
bigiszero --> sgn1
fpsgn0 --> sgn1
fpsgn0 --> out
sgn1 --> out


Detecting: fp2subtract
Template: fp2subtract
Arguments: 
p
k
n
Input Signals: 
b
a
Inter Signals: 
Output Signals: 
out
Components: 
fpsubtract

a --> fpsubtract
b --> fpsubtract
fpsubtract --> out


Detecting: fp6invert
Unconstrainted output signal: real_out
Template: fp6invert
Arguments: 
p
k
n
Input Signals: 
a1
a2
a0
Inter Signals: 
Output Signals: 
real_out
Components: 



Detecting: fpadd
Template: fpadd
Arguments: 
p
k
n
Input Signals: 
b
a
Inter Signals: 
Output Signals: 
out
Components: 
bigsub
biglessthan
bigadd

a --> bigadd
b --> bigadd
bigadd --> biglessthan
bigadd --> bigsub
biglessthan --> bigsub
bigsub --> out


Detecting: fpisequal
Template: fpisequal
Arguments: 
p
k
n
Input Signals: 
in
Inter Signals: 
Output Signals: 
out
Components: 
isequal
biglessthan

in --> biglessthan
in --> isequal
isequal --> isequal
isequal --> out


Detecting: fpiszero
Template: fpiszero
Arguments: 
p
k
n
Input Signals: 
in
Inter Signals: 
Output Signals: 
out
Components: 
bigiszero
biglessthan

in --> biglessthan
in --> bigiszero
bigiszero --> out


Detecting: fpmultiply
Unconstrainted output signal: out
Template: fpmultiply
Arguments: 
p
k
n
Input Signals: 
b
a
Inter Signals: 
Output Signals: 
out
Components: 
signedfpcarrymodp
primereduce
bigmultshortlong

a --> bigmultshortlong
b --> bigmultshortlong
bigmultshortlong --> primereduce
primereduce --> signedfpcarrymodp
signedfpcarrymodp --> out


Detecting: fpnegate
Template: fpnegate
Arguments: 
p
k
n
Input Signals: 
in
Inter Signals: 
Output Signals: 
out
Components: 
bigiszero
bigsub

in --> bigsub
in --> bigiszero
bigiszero --> out
bigsub --> out


Detecting: fpsgn0
Template: fpsgn0
Arguments: 
p
k
n
Input Signals: 
in
Inter Signals: 
div
Output Signals: 
out
Components: 
biglessthan

in --> biglessthan
div --> in
out --> in


Detecting: fpsubtract
Template: fpsubtract
Arguments: 
p
k
n
Input Signals: 
b
a
Inter Signals: 
tmp
flag
Output Signals: 
out
Components: 
bigadd
bigsub

a --> bigsub
b --> bigsub
bigsub --> flag
bigsub --> bigadd
flag --> tmp
bigsub --> tmp
tmp --> out
flag --> out
bigadd --> out


Detecting: greatereqthan
Template: greatereqthan
Arguments: 
n
Input Signals: 
in
Inter Signals: 
Output Signals: 
out
Components: 
lessthan

in --> lessthan
lessthan --> out


Detecting: greaterthan
Template: greaterthan
Arguments: 
n
Input Signals: 
in
Inter Signals: 
Output Signals: 
out
Components: 
lessthan

in --> lessthan
lessthan --> out


Detecting: isequal
Template: isequal
Arguments: 
Input Signals: 
in
Inter Signals: 
Output Signals: 
out
Components: 
iszero

in --> iszero
iszero --> out


Detecting: iso3map
Unconstrainted output signal: isinfinity
Unconstrainted output signal: out
Template: iso3map
Arguments: 
k
n
Input Signals: 
in
Inter Signals: 
xp_pow
Output Signals: 
isinfinity
out
Components: 
fp2multiply
signedfp2divide
fp2iszero
signedfp2multiplynocarryunequal
signedfp2compresscarry
fp2compress
signedfp2multiplynocarry

in --> signedfp2multiplynocarry
in --> signedfp2multiplynocarryunequal
signedfp2multiplynocarry --> signedfp2multiplynocarryunequal
signedfp2multiplynocarry --> signedfp2compresscarry
signedfp2multiplynocarryunequal --> signedfp2compresscarry
in --> xp_pow
signedfp2compresscarry --> xp_pow
xp_pow --> signedfp2multiplynocarry
signedfp2compresscarry --> fp2iszero
fp2compress --> signedfp2divide
isinfinity --> signedfp2divide
signedfp2compresscarry --> signedfp2divide
in --> fp2multiply
signedfp2divide --> fp2multiply
signedfp2divide --> out
fp2multiply --> out


Detecting: iszero
Template: iszero
Arguments: 
Input Signals: 
in
Inter Signals: 
inv
Output Signals: 
out
Components: 

in --> out
inv --> out


Detecting: lesseqthan
Template: lesseqthan
Arguments: 
n
Input Signals: 
in
Inter Signals: 
Output Signals: 
out
Components: 
lessthan

in --> lessthan
lessthan --> out


Detecting: lessthan
Template: lessthan
Arguments: 
n
Input Signals: 
in
Inter Signals: 
Output Signals: 
out
Components: 
num2bits

in --> num2bits
num2bits --> out


Detecting: linefunctionequal
Unconstrainted output signal: out
Template: linefunctionequal
Arguments: 
q
k
n
Input Signals: 
q
p
Inter Signals: 
Output Signals: 
out
Components: 
signedfp12carrymodp
primereduce
signedlinefunctionequalnocarry

signedlinefunctionequalnocarry --> primereduce
primereduce --> signedfp12carrymodp
signedfp12carrymodp --> out


Detecting: linefunctionequalfp2
Unconstrainted output signal: out
Template: linefunctionequalfp2
Arguments: 
q
k
n
Input Signals: 
q
p
Inter Signals: 
Output Signals: 
out
Components: 
signedfp12carrymodp
primereduce
signedlinefunctionequalnocarryfp2

signedlinefunctionequalnocarryfp2 --> primereduce
primereduce --> signedfp12carrymodp
signedfp12carrymodp --> out


Detecting: linefunctionunequal
Unconstrainted output signal: out
Template: linefunctionunequal
Arguments: 
q
k
n
Input Signals: 
q
p
Inter Signals: 
Output Signals: 
out
Components: 
signedfp12carrymodp
primereduce
signedlinefunctionunequalnocarry

signedlinefunctionunequalnocarry --> primereduce
primereduce --> signedfp12carrymodp
signedfp12carrymodp --> out


Detecting: linefunctionunequalfp2
Unconstrainted output signal: out
Template: linefunctionunequalfp2
Arguments: 
q
k
n
Input Signals: 
q
p
Inter Signals: 
Output Signals: 
out
Components: 
signedfp12carrymodp
primereduce
signedlinefunctionunequalnocarryfp2

signedlinefunctionunequalnocarryfp2 --> primereduce
primereduce --> signedfp12carrymodp
signedfp12carrymodp --> out


Detecting: longtoshortnoendcarry
Unconstrainted output signal: out
Template: longtoshortnoendcarry
Arguments: 
k
n
Input Signals: 
in
Inter Signals: 
runningcarry
Output Signals: 
out
Components: 
num2bits

out --> num2bits


Detecting: maptog2
Unconstrainted output signal: isinfinity
Template: maptog2
Arguments: 
k
n
Input Signals: 
in
Inter Signals: 
Output Signals: 
isinfinity
out
Components: 
clearcofactorg2
iso3map
ellipticcurveaddfp2
optsimpleswu2

in --> optsimpleswu2
optsimpleswu2 --> ellipticcurveaddfp2
ellipticcurveaddfp2 --> iso3map
iso3map --> clearcofactorg2
ellipticcurveaddfp2 --> clearcofactorg2
clearcofactorg2 --> out


Detecting: millerloop
Unconstrainted output signal: xp
Template: millerloop
Arguments: 
q
x
b
k
n
Input Signals: 
q
p
in
Inter Signals: 
f
pintermed
Output Signals: 
xp
out
Components: 
fp12multiplywithlineunequal
fp12multiply
ellipticcurvedouble
signedfp12carrymodp
ellipticcurveaddunequal
fp12compress
signedfp12multiplynocarryunequal
linefunctionequal
signedfp12multiplynocarry

in --> f
f --> signedfp12multiplynocarry
signedfp12multiplynocarry --> signedfp12multiplynocarryunequal
linefunctionequal --> signedfp12multiplynocarryunequal
signedfp12multiplynocarryunequal --> fp12compress
fp12compress --> signedfp12carrymodp
signedfp12carrymodp --> f
signedfp12carrymodp --> fp12multiply
in --> fp12multiply
fp12multiply --> fp12multiplywithlineunequal
ellipticcurvedouble --> fp12multiplywithlineunequal
fp12multiplywithlineunequal --> f
ellipticcurvedouble --> ellipticcurveaddunequal
f --> out


Detecting: millerloopfp2
Unconstrainted output signal: xp
Unconstrainted output signal: out
Template: millerloopfp2
Arguments: 
q
x
b
k
n
Input Signals: 
q
p
Inter Signals: 
f
r
Output Signals: 
xp
out
Components: 
ellipticcurveaddunequalfp2
fp12multiplywithlineunequalfp2
signedfp12carrymodp
fp12compress
signedfp12multiplynocarryunequal
linefunctionequalfp2
ellipticcurvedoublefp2
signedfp12multiplynocarry

f --> signedfp12multiplynocarry
signedfp12multiplynocarry --> signedfp12multiplynocarryunequal
linefunctionequalfp2 --> signedfp12multiplynocarryunequal
signedfp12multiplynocarryunequal --> fp12compress
fp12compress --> signedfp12carrymodp
signedfp12carrymodp --> f
signedfp12carrymodp --> fp12multiplywithlineunequalfp2
ellipticcurvedoublefp2 --> fp12multiplywithlineunequalfp2
fp12multiplywithlineunequalfp2 --> f
ellipticcurvedoublefp2 --> ellipticcurveaddunequalfp2
f --> out


Detecting: millerloopfp2two
Unconstrainted output signal: out
Template: millerloopfp2two
Arguments: 
q
x
b
k
n
Input Signals: 
q
p
Inter Signals: 
f
r
Output Signals: 
out
Components: 
ellipticcurveaddunequalfp2
fp12multiplywithlineunequalfp2
fp12multiply
signedfp12carrymodp
fp12compress
signedfp12multiplynocarryunequal
signedfp12multiplynocarry
ellipticcurvedoublefp2
linefunctionequalfp2

f --> signedfp12multiplynocarry
signedfp12multiplynocarry --> signedfp12multiplynocarryunequal
linefunctionequalfp2 --> signedfp12multiplynocarryunequal
signedfp12multiplynocarryunequal --> fp12compress
fp12compress --> signedfp12carrymodp
signedfp12carrymodp --> fp12multiply
linefunctionequalfp2 --> fp12multiply
fp12multiply --> f
fp12multiply --> fp12multiplywithlineunequalfp2
fp12multiplywithlineunequalfp2 --> fp12multiplywithlineunequalfp2
ellipticcurvedoublefp2 --> fp12multiplywithlineunequalfp2
ellipticcurvedoublefp2 --> ellipticcurveaddunequalfp2
fp12multiplywithlineunequalfp2 --> f
f --> out


Detecting: modprod
Template: modprod
Arguments: 
n
Input Signals: 
b
a
Inter Signals: 
Output Signals: 
carry
prod
Components: 
bits2num
num2bits

a --> num2bits
b --> num2bits
num2bits --> bits2num
bits2num --> prod
bits2num --> carry


Detecting: modsub
Template: modsub
Arguments: 
n
Input Signals: 
b
a
Inter Signals: 
Output Signals: 
borrow
out
Components: 
lessthan

a --> lessthan
b --> lessthan
lessthan --> borrow
borrow --> out
a --> out
b --> out


Detecting: modsubthree
Template: modsubthree
Arguments: 
n
Input Signals: 
b
c
a
Inter Signals: 
b_plus_c
Output Signals: 
borrow
out
Components: 
lessthan

b --> b_plus_c
c --> b_plus_c
a --> lessthan
b_plus_c --> lessthan
lessthan --> borrow
borrow --> out
a --> out
b_plus_c --> out


Detecting: modsum
Template: modsum
Arguments: 
n
Input Signals: 
b
a
Inter Signals: 
Output Signals: 
carry
sum
Components: 
num2bits

a --> num2bits
b --> num2bits
num2bits --> carry
a --> sum
b --> sum
carry --> sum


Detecting: modsumfour
Template: modsumfour
Arguments: 
n
Input Signals: 
d
b
c
a
Inter Signals: 
Output Signals: 
carry
sum
Components: 
num2bits

a --> num2bits
b --> num2bits
c --> num2bits
d --> num2bits
num2bits --> carry
a --> sum
b --> sum
c --> sum
d --> sum
carry --> sum


Detecting: modsumthree
Template: modsumthree
Arguments: 
n
Input Signals: 
b
c
a
Inter Signals: 
Output Signals: 
carry
sum
Components: 
num2bits

a --> num2bits
b --> num2bits
c --> num2bits
num2bits --> carry
a --> sum
b --> sum
c --> sum
carry --> sum


Detecting: multiand
Template: multiand
Arguments: 
n
Input Signals: 
in
Inter Signals: 
Output Signals: 
out
Components: 
multiand
and

in --> out
in --> and
and --> out
in --> in
out --> and


Detecting: nand
Template: nand
Arguments: 
Input Signals: 
b
a
Inter Signals: 
Output Signals: 
out
Components: 

a --> out
b --> out


Detecting: nor
Template: nor
Arguments: 
Input Signals: 
b
a
Inter Signals: 
Output Signals: 
out
Components: 

a --> out
b --> out


Detecting: not
Template: not
Arguments: 
Input Signals: 
in
Inter Signals: 
Output Signals: 
out
Components: 

in --> out


Detecting: num2bits
Template: num2bits
Arguments: 
n
Input Signals: 
in
Inter Signals: 
Output Signals: 
out
Components: 

in --> out


Detecting: num2bits_strict
Template: num2bits_strict
Arguments: 
Input Signals: 
in
Inter Signals: 
Output Signals: 
out
Components: 
num2bits
aliascheck

in --> num2bits
num2bits --> out
num2bits --> aliascheck


Detecting: num2bitsneg
Template: num2bitsneg
Arguments: 
n
Input Signals: 
in
Inter Signals: 
Output Signals: 
out
Components: 
iszero

in --> iszero
in --> out


Detecting: optimalatepairing
Unconstrainted output signal: out
Template: optimalatepairing
Arguments: 
q
k
n
Input Signals: 
q
p
Inter Signals: 
negp
Output Signals: 
out
Components: 
finalexponentiate
millerloopfp2
fpnegate

millerloopfp2 --> finalexponentiate
finalexponentiate --> out


Detecting: optsimpleswu2
Template: optsimpleswu2
Arguments: 
k
n
Input Signals: 
in
Inter Signals: 
issquare
Output Signals: 
out
Components: 
fp2multiply
fp2sgn0
ellipticcurvefunction
fp2multiplythree
signedfp2divide
fp2iszero
signedfp2carrymodp
signedfp2multiplynocarrycompress

in --> signedfp2multiplynocarrycompress
signedfp2multiplynocarrycompress --> signedfp2carrymodp
signedfp2carrymodp --> signedfp2multiplynocarrycompress
signedfp2carrymodp --> fp2iszero
signedfp2carrymodp --> signedfp2divide
fp2iszero --> signedfp2divide
signedfp2divide --> ellipticcurvefunction
signedfp2carrymodp --> fp2multiply
signedfp2divide --> fp2multiply
signedfp2carrymodp --> fp2multiplythree
fp2multiplythree --> fp2multiply
ellipticcurvefunction --> fp2multiply
issquare --> out
signedfp2divide --> out
fp2multiply --> out
in --> fp2sgn0
out --> fp2multiply
issquare --> fp2multiply
fp2multiply --> fp2multiply
out --> fp2sgn0
fp2sgn0 --> fp2sgn0


Detecting: or
Template: or
Arguments: 
Input Signals: 
b
a
Inter Signals: 
Output Signals: 
out
Components: 

a --> out
b --> out


Detecting: pointoncurve
Template: pointoncurve
Arguments: 
p
b
k
a
n
Input Signals: 
in
Inter Signals: 
Output Signals: 
Components: 
bigmultshortlongunequal
signedcheckcarrymodtozero
primereduce
bigmultshortlong

in --> bigmultshortlong
bigmultshortlong --> bigmultshortlongunequal
in --> bigmultshortlongunequal
bigmultshortlongunequal --> primereduce
in --> primereduce
bigmultshortlong --> primereduce
primereduce --> signedcheckcarrymodtozero


Detecting: pointoncurvefp2
Template: pointoncurvefp2
Arguments: 
p
b
k
a
n
Input Signals: 
in
Inter Signals: 
Output Signals: 
Components: 
signedcheckcarrymodtozero
primereduce
signedfp2multiplynocarryunequal

in --> signedfp2multiplynocarryunequal
signedfp2multiplynocarryunequal --> signedfp2multiplynocarryunequal
signedfp2multiplynocarryunequal --> primereduce
in --> primereduce
primereduce --> signedcheckcarrymodtozero


Detecting: pointonline
Template: pointonline
Arguments: 
p
k
n
Input Signals: 
in
Inter Signals: 
Output Signals: 
Components: 
signedcheckcarrymodtozero
primereduce
bigmultshortlong

in --> bigmultshortlong
bigmultshortlong --> primereduce
primereduce --> signedcheckcarrymodtozero


Detecting: pointonlinefp2
Template: pointonlinefp2
Arguments: 
p
k
n
Input Signals: 
in
Inter Signals: 
Output Signals: 
Components: 
signedcheckcarrymodtozero
primereduce
bigmultshortlong2d

in --> bigmultshortlong2d
bigmultshortlong2d --> primereduce
primereduce --> signedcheckcarrymodtozero


Detecting: pointontangent
Template: pointontangent
Arguments: 
p
k
a
n
Input Signals: 
in
Inter Signals: 
Output Signals: 
Components: 
bigmultshortlongunequal
signedcheckcarrymodtozero
primereduce
bigmultshortlong

in --> bigmultshortlong
bigmultshortlong --> bigmultshortlongunequal
in --> bigmultshortlongunequal
bigmultshortlongunequal --> primereduce
bigmultshortlong --> primereduce
primereduce --> signedcheckcarrymodtozero


Detecting: pointontangentfp2
Template: pointontangentfp2
Arguments: 
p
k
a
n
Input Signals: 
in
Inter Signals: 
Output Signals: 
Components: 
signedcheckcarrymodtozero
primereduce
signedfp2multiplynocarryunequal

in --> signedfp2multiplynocarryunequal
signedfp2multiplynocarryunequal --> signedfp2multiplynocarryunequal
signedfp2multiplynocarryunequal --> primereduce
primereduce --> signedcheckcarrymodtozero


Detecting: primereduce
Unconstrainted output signal: out
Template: primereduce
Arguments: 
m_out
p
m
k
n
Input Signals: 
in
Inter Signals: 
Output Signals: 
out
Components: 



Detecting: rangecheck2d
Template: rangecheck2d
Arguments: 
k
n
Input Signals: 
in
Inter Signals: 
Output Signals: 
Components: 
num2bits

in --> num2bits


Detecting: signedcheckcarrymodtozero
Unconstrainted output signal: x
Template: signedcheckcarrymodtozero
Arguments: 
p
k
overflow
n
Input Signals: 
in
Inter Signals: 
Output Signals: 
x
Components: 
checkcarrymodp
num2bits

in --> checkcarrymodp


Detecting: signedfp12carrymodp
Unconstrainted output signal: out
Unconstrainted output signal: x
Template: signedfp12carrymodp
Arguments: 
p
k
overflow
n
Input Signals: 
in
Inter Signals: 
Output Signals: 
out
x
Components: 
signedfpcarrymodp

in --> signedfpcarrymodp
signedfpcarrymodp --> out


Detecting: signedfp12cyclotomicsquarenocarry
Template: signedfp12cyclotomicsquarenocarry
Arguments: 
k
n
Input Signals: 
in
Inter Signals: 
Output Signals: 
out
Components: 
signedfp2multiplynocarry

in --> signedfp2multiplynocarry
in --> out
signedfp2multiplynocarry --> out


Detecting: signedfp12fp2multiplynocarry
Unconstrainted output signal: out
Template: signedfp12fp2multiplynocarry
Arguments: 
m_out
k
n
Input Signals: 
b
a
Inter Signals: 
Output Signals: 
out
Components: 
bigmultshortlong

a --> bigmultshortlong
b --> bigmultshortlong
bigmultshortlong --> out


Detecting: signedfp12fp2multiplynocarryunequal
Unconstrainted output signal: out
Template: signedfp12fp2multiplynocarryunequal
Arguments: 
m_out
ka
kb
n
Input Signals: 
b
a
Inter Signals: 
Output Signals: 
out
Components: 
bigmultshortlongunequal

a --> bigmultshortlongunequal
b --> bigmultshortlongunequal
bigmultshortlongunequal --> out


Detecting: signedfp12multiplynocarry
Unconstrainted output signal: out
Template: signedfp12multiplynocarry
Arguments: 
m_out
k
n
Input Signals: 
b
a
Inter Signals: 
Output Signals: 
out
Components: 
signedfp12multiplynocarryunequal

a --> signedfp12multiplynocarryunequal
b --> signedfp12multiplynocarryunequal
signedfp12multiplynocarryunequal --> out


Detecting: signedfp12multiplynocarrycompress
Unconstrainted output signal: out
Template: signedfp12multiplynocarrycompress
Arguments: 
m_out
p
m_in
k
n
Input Signals: 
b
a
Inter Signals: 
Output Signals: 
out
Components: 
fp12compress
signedfp12multiplynocarry

a --> signedfp12multiplynocarry
b --> signedfp12multiplynocarry
signedfp12multiplynocarry --> fp12compress
fp12compress --> out


Detecting: signedfp12multiplynocarryunequal
Unconstrainted output signal: out
Template: signedfp12multiplynocarryunequal
Arguments: 
m_out
ka
kb
n
Input Signals: 
b
a
Inter Signals: 
x
Output Signals: 
out
Components: 
bigmultshortlong2dunequal

a --> bigmultshortlong2dunequal
b --> bigmultshortlong2dunequal


Detecting: signedfp12scalarmultiplynocarry
Unconstrainted output signal: out
Template: signedfp12scalarmultiplynocarry
Arguments: 
m_out
k
n
Input Signals: 
b
a
Inter Signals: 
Output Signals: 
out
Components: 
bigmultshortlong

a --> bigmultshortlong
b --> bigmultshortlong
bigmultshortlong --> out


Detecting: signedfp12scalarmultiplynocarryunequal
Unconstrainted output signal: out
Template: signedfp12scalarmultiplynocarryunequal
Arguments: 
m_out
ka
kb
n
Input Signals: 
b
a
Inter Signals: 
Output Signals: 
out
Components: 
bigmultshortlongunequal

a --> bigmultshortlongunequal
b --> bigmultshortlongunequal
bigmultshortlongunequal --> out


Detecting: signedfp2carrymodp
Unconstrainted output signal: out
Unconstrainted output signal: x
Template: signedfp2carrymodp
Arguments: 
p
k
overflow
n
Input Signals: 
in
Inter Signals: 
Output Signals: 
out
x
Components: 
signedfpcarrymodp

in --> signedfpcarrymodp
signedfpcarrymodp --> out


Detecting: signedfp2compresscarry
Unconstrainted output signal: out
Template: signedfp2compresscarry
Arguments: 
p
m
k
overflow
n
Input Signals: 
in
Inter Signals: 
Output Signals: 
out
Components: 
signedfp2carrymodp
fp2compress

in --> fp2compress
fp2compress --> signedfp2carrymodp
signedfp2carrymodp --> out


Detecting: signedfp2divide
Unconstrainted output signal: out
Template: signedfp2divide
Arguments: 
p
overflowb
overflowa
k
n
Input Signals: 
b
a
Inter Signals: 
x
Output Signals: 
out
Components: 
num2bits
signedfp2multiplynocarrycompress
checkcarrymodp
rangecheck2d

out --> rangecheck2d
out --> signedfp2multiplynocarrycompress
b --> signedfp2multiplynocarrycompress
signedfp2multiplynocarrycompress --> checkcarrymodp
a --> checkcarrymodp


Detecting: signedfp2multiplynocarry
Unconstrainted output signal: out
Template: signedfp2multiplynocarry
Arguments: 
m_out
k
n
Input Signals: 
b
a
Inter Signals: 
Output Signals: 
out
Components: 
signedfp2multiplynocarryunequal

a --> signedfp2multiplynocarryunequal
b --> signedfp2multiplynocarryunequal
signedfp2multiplynocarryunequal --> out


Detecting: signedfp2multiplynocarrycompress
Unconstrainted output signal: out
Template: signedfp2multiplynocarrycompress
Arguments: 
m_out
p
m_in
k
n
Input Signals: 
b
a
Inter Signals: 
Output Signals: 
out
Components: 
fp2compress
signedfp2multiplynocarry

a --> signedfp2multiplynocarry
b --> signedfp2multiplynocarry
signedfp2multiplynocarry --> fp2compress
fp2compress --> out


Detecting: signedfp2multiplynocarrycompressthree
Unconstrainted output signal: out
Template: signedfp2multiplynocarrycompressthree
Arguments: 
m_out
p
m_in
k
n
Input Signals: 
b
c
a
Inter Signals: 
Output Signals: 
out
Components: 
signedfp2multiplynocarryunequal
fp2compress
signedfp2multiplynocarry

a --> signedfp2multiplynocarry
b --> signedfp2multiplynocarry
signedfp2multiplynocarry --> signedfp2multiplynocarryunequal
c --> signedfp2multiplynocarryunequal
signedfp2multiplynocarryunequal --> fp2compress
fp2compress --> out


Detecting: signedfp2multiplynocarryunequal
Unconstrainted output signal: out
Template: signedfp2multiplynocarryunequal
Arguments: 
m_out
ka
kb
n
Input Signals: 
b
a
Inter Signals: 
Output Signals: 
out
Components: 
bigmultshortlongunequal

a --> bigmultshortlongunequal
b --> bigmultshortlongunequal
bigmultshortlongunequal --> out


Detecting: signedfpcarrymodp
Unconstrainted output signal: x
Template: signedfpcarrymodp
Arguments: 
p
k
overflow
n
Input Signals: 
in
Inter Signals: 
Output Signals: 
out
x
Components: 
checkcarrymodp
num2bits

out --> num2bits
in --> checkcarrymodp
out --> checkcarrymodp


Detecting: signedlinefunctionequalnocarry
Unconstrainted output signal: out
Template: signedlinefunctionequalnocarry
Arguments: 
m_out
k
n
Input Signals: 
q
p
Inter Signals: 
Output Signals: 
out
Components: 
signedfp12scalarmultiplynocarry
signedfp12scalarmultiplynocarryunequal
bigmultshortlong

bigmultshortlong --> signedfp12scalarmultiplynocarryunequal
signedfp12scalarmultiplynocarryunequal --> out
signedfp12scalarmultiplynocarry --> out


Detecting: signedlinefunctionequalnocarryfp2
Unconstrainted output signal: out
Template: signedlinefunctionequalnocarryfp2
Arguments: 
m_out
k
n
Input Signals: 
q
p
Inter Signals: 
Output Signals: 
out
Components: 
signedfp2multiplynocarryunequal
bigmultshortlong2dunequal
bigmultshortlong2d

bigmultshortlong2d --> bigmultshortlong2dunequal
bigmultshortlong2d --> signedfp2multiplynocarryunequal
bigmultshortlong2dunequal --> out
bigmultshortlong2d --> out
signedfp2multiplynocarryunequal --> out


Detecting: signedlinefunctionunequalnocarry
Unconstrainted output signal: out
Template: signedlinefunctionunequalnocarry
Arguments: 
m_out
k
n
Input Signals: 
q
p
Inter Signals: 
Output Signals: 
out
Components: 
bigmultshortlong
signedfp12scalarmultiplynocarry

signedfp12scalarmultiplynocarry --> out
bigmultshortlong --> out


Detecting: signedlinefunctionunequalnocarryfp2
Unconstrainted output signal: out
Template: signedlinefunctionunequalnocarryfp2
Arguments: 
m_out
k
n
Input Signals: 
q
p
Inter Signals: 
Output Signals: 
out
Components: 
bigmultshortlong2d
signedfp2multiplynocarry

bigmultshortlong2d --> out
signedfp2multiplynocarry --> out


Detecting: split
Template: split
Arguments: 
m
n
Input Signals: 
in
Inter Signals: 
Output Signals: 
big
small
Components: 
num2bits

small --> num2bits
big --> num2bits
small --> in
big --> in


Detecting: splitthree
Template: splitthree
Arguments: 
k
m
n
Input Signals: 
in
Inter Signals: 
Output Signals: 
big
medium
small
Components: 
num2bits

small --> num2bits
medium --> num2bits
big --> num2bits
small --> in
medium --> in
big --> in


Detecting: subgroupcheckg1
Template: subgroupcheckg1
Arguments: 
k
n
Input Signals: 
in
Inter Signals: 
Output Signals: 
Components: 
fp2isequal
bigsub
ellipticcurvescalarmultiplyunequal
fpmultiply
pointoncurve

in --> pointoncurve
in --> fpmultiply
in --> bigsub
in --> ellipticcurvescalarmultiplyunequal
ellipticcurvescalarmultiplyunequal --> ellipticcurvescalarmultiplyunequal
fpmultiply --> fp2isequal
bigsub --> fp2isequal
ellipticcurvescalarmultiplyunequal --> fp2isequal


Detecting: subgroupcheckg2
Template: subgroupcheckg2
Arguments: 
k
n
Input Signals: 
in
Inter Signals: 
Output Signals: 
Components: 
ellipticcurvescalarmultiplyunequalfp2
fp2isequal
fp2negate
endomorphismpsi
pointoncurvefp2

in --> pointoncurvefp2
in --> fp2negate
in --> endomorphismpsi
in --> ellipticcurvescalarmultiplyunequalfp2
fp2negate --> ellipticcurvescalarmultiplyunequalfp2
endomorphismpsi --> fp2isequal
ellipticcurvescalarmultiplyunequalfp2 --> fp2isequal


Detecting: tatepairing
Unconstrainted output signal: out
Template: tatepairing
Arguments: 
q
k
n
Input Signals: 
q
p
Inter Signals: 
Output Signals: 
out
Components: 
finalexponentiate
blsmillerloop

blsmillerloop --> finalexponentiate
finalexponentiate --> out


Detecting: xor
Template: xor
Arguments: 
Input Signals: 
b
a
Inter Signals: 
Output Signals: 
out
Components: 

a --> out
b --> out


