https://github.com/yi-sun/circom-pairing/tree/master/circuits/extra_field_circuits.circom
Detecting: aliascheck
Component: compconstant
    Used output signal: out

Detecting: and

Detecting: bigadd
Component: modsumthree
    Used output signal: carry
    Used output signal: sum
Component: modsum
    Used output signal: carry
    Used output signal: sum

Detecting: bigaddmodp
Component: bigsub
    Unused output signal: underflow
    Used output signal: out
Component: biglessthan
    Used output signal: out
Component: bigadd
    Used output signal: out

Detecting: bigisequal
Component: iszero
    Used output signal: out
Component: isequal
    Used output signal: out

Detecting: bigiszero
Component: iszero
    Used output signal: out

Detecting: biglessthan
Component: or
    Used output signal: out
Component: and
    Used output signal: out
Component: isequal
    Used output signal: out
Component: lessthan
    Used output signal: out

Detecting: bigmod
Component: biglessthan
    Used output signal: out
Component: bigadd
    Used output signal: out
Component: bigmult
    Used output signal: out
Component: num2bits

Detecting: bigmod2
Component: biglessthan
    Used output signal: out
Component: bigadd
    Used output signal: out
Component: bigmult
    Used output signal: out
Component: num2bits

Detecting: bigmodinv
Component: bigmod
    Used output signal: mod
    Unused output signal: div
Component: bigmult
    Used output signal: out
Component: num2bits

Detecting: bigmult
Component: longtoshortnoendcarry
    Used output signal: out
Component: bigmultshortlong
    Used output signal: out

Detecting: bigmultmodp
Component: bigmod
    Used output signal: mod
    Unused output signal: div
Component: bigmult
    Used output signal: out

Detecting: bigmultshortlong

Detecting: bigmultshortlong2d

Detecting: bigmultshortlong2dunequal

Detecting: bigmultshortlongunequal

Detecting: bigsub
Component: modsubthree
    Used output signal: borrow
    Used output signal: out
Component: modsub
    Used output signal: borrow
    Used output signal: out

Detecting: bigsubmodp
Component: bigadd
    Used output signal: out
Component: bigsub
    Used output signal: underflow
    Used output signal: out

Detecting: binsum

Detecting: bits2num

Detecting: bits2num_strict
Component: bits2num
    Used output signal: out
Component: aliascheck

Detecting: checkcarrymodp
Component: checkcarrytozero
Component: bigmultshortlongunequal
    Used output signal: out

Detecting: checkcarrytozero
Component: num2bits

Detecting: compconstant
Component: num2bits

Detecting: fieldadd2d
Component: bigaddmodp
    Used output signal: out

Detecting: forceequalifenabled
Component: iszero
    Used output signal: out

Detecting: fp12add
Component: fpadd
    Used output signal: out

Detecting: fp12compress
Component: primereduce
    Used output signal: out

Detecting: fp12exp
Component: fp12multiply
    Used output signal: out
Component: fp12square
    Used output signal: out

Detecting: fp12frobeniusmap
Component: fp2multiply
    Used output signal: out
Component: fp2frobeniusmap
    Used output signal: out
Component: fpmultiply
    Used output signal: out

Detecting: fp12invert
Component: fp12multiply
    Used output signal: out
Component: num2bits

Detecting: fp12multiply
Component: signedfp12carrymodp
    Used output signal: out
    Unused output signal: x
Component: signedfp12multiplynocarrycompress
    Used output signal: out

Detecting: fp12multiplythree
Component: num2bits
Component: bigmultshortlong2dunequal
    Used output signal: out
Component: checkcarrytozero
Component: bigmultshortlong2d
    Used output signal: out
Component: biglessthan
    Used output signal: out
Component: bigmultshortlongunequal
    Used output signal: out

Detecting: fp12square
Component: fp12multiply
    Used output signal: out

Detecting: fp2add
Component: fpadd
    Used output signal: out

Detecting: fp2compress
Component: primereduce
    Used output signal: out

Detecting: fp2conjugate
Component: fpnegate
    Used output signal: out

Detecting: fp2frobeniusmap
Component: fpnegate
    Used output signal: out

Detecting: fp2invert
Component: fp2multiply
    Used output signal: out
Component: num2bits

Detecting: fp2isequal
Component: iszero
    Used output signal: out
Component: isequal
    Used output signal: out
Component: biglessthan
    Used output signal: out

Detecting: fp2iszero
Component: iszero
    Used output signal: out
Component: biglessthan
    Used output signal: out

Detecting: fp2multiply
Component: signedfp2carrymodp
    Used output signal: out
    Unused output signal: x
Component: signedfp2multiplynocarrycompress
    Used output signal: out

Detecting: fp2multiply1
Component: fp2polynomialreduce
    Used output signal: out
Component: bigmod
    Used output signal: mod
    Unused output signal: div
Component: longtoshortnoendcarry
    Used output signal: out
Component: bigmultshortlong2d
    Used output signal: out

Detecting: fp2multiplynocarry
Component: bigmultshortlong
    Used output signal: out

Detecting: fp2multiplythree
Component: signedfp2carrymodp
    Used output signal: out
    Unused output signal: x
Component: signedfp2multiplynocarrycompressthree
    Used output signal: out

Detecting: fp2negate
Component: fpnegate
    Used output signal: out

Detecting: fp2polynomialreduce
Component: fpsubtract
    Used output signal: out

Detecting: fp2sgn0
Component: bigiszero
    Used output signal: out
Component: fpsgn0
    Used output signal: out

Detecting: fp2square
Component: bigmod2
    Used output signal: mod
    Unused output signal: div
Component: bigsubmodp
    Used output signal: out
Component: bigmult
    Used output signal: out
Component: bigadd
    Used output signal: out

Detecting: fp2subtract
Component: fpsubtract
    Used output signal: out

Detecting: fp6invert

Detecting: fpadd
Component: bigsub
    Unused output signal: underflow
    Used output signal: out
Component: biglessthan
    Used output signal: out
Component: bigadd
    Used output signal: out

Detecting: fpisequal
Component: isequal
    Used output signal: out
Component: biglessthan
    Used output signal: out

Detecting: fpiszero
Component: bigiszero
    Used output signal: out
Component: biglessthan
    Used output signal: out

Detecting: fpmultiply
Component: signedfpcarrymodp
    Used output signal: out
    Unused output signal: x
Component: primereduce
    Used output signal: out
Component: bigmultshortlong
    Used output signal: out

Detecting: fpnegate
Component: bigiszero
    Used output signal: out
Component: bigsub
    Used output signal: underflow
    Used output signal: out

Detecting: fpsgn0
Component: biglessthan
    Used output signal: out

Detecting: fpsubtract
Component: bigadd
    Used output signal: out
Component: bigsub
    Used output signal: underflow
    Used output signal: out

Detecting: greatereqthan
Component: lessthan
    Used output signal: out

Detecting: greaterthan
Component: lessthan
    Used output signal: out

Detecting: isequal
Component: iszero
    Used output signal: out

Detecting: iszero

Detecting: lesseqthan
Component: lessthan
    Used output signal: out

Detecting: lessthan
Component: num2bits

Detecting: longtoshortnoendcarry
Component: num2bits

Detecting: modprod
Component: bits2num
    Used output signal: out
Component: num2bits

Detecting: modsub
Component: lessthan
    Used output signal: out

Detecting: modsubthree
Component: lessthan
    Used output signal: out

Detecting: modsum
Component: num2bits

Detecting: modsumfour
Component: num2bits

Detecting: modsumthree
Component: num2bits

Detecting: multiand
Component: multiand
    Unused output signal: out
Component: and
    Used output signal: out

Detecting: nand

Detecting: nor

Detecting: not

Detecting: num2bits

Detecting: num2bits_strict
Component: num2bits
Component: aliascheck

Detecting: num2bitsneg
Component: iszero
    Used output signal: out

Detecting: or

Detecting: polynomialreduce
Component: bigmultshortlong
    Used output signal: out

Detecting: primereduce

Detecting: rangecheck2d
Component: num2bits

Detecting: signedcheckcarrymodtozero
Component: checkcarrymodp
Component: num2bits

Detecting: signedfp12carrymodp
Component: signedfpcarrymodp
    Used output signal: out
    Used output signal: x

Detecting: signedfp12fp2multiplynocarry
Component: bigmultshortlong
    Used output signal: out

Detecting: signedfp12fp2multiplynocarryunequal
Component: bigmultshortlongunequal
    Used output signal: out

Detecting: signedfp12multiplynocarry
Component: signedfp12multiplynocarryunequal
    Used output signal: out

Detecting: signedfp12multiplynocarrycompress
Component: fp12compress
    Used output signal: out
Component: signedfp12multiplynocarry
    Used output signal: out

Detecting: signedfp12multiplynocarryunequal
Component: bigmultshortlong2dunequal
    Used output signal: out

Detecting: signedfp12scalarmultiplynocarry
Component: bigmultshortlong
    Used output signal: out

Detecting: signedfp12scalarmultiplynocarryunequal
Component: bigmultshortlongunequal
    Used output signal: out

Detecting: signedfp2carrymodp
Component: signedfpcarrymodp
    Used output signal: out
    Used output signal: x

Detecting: signedfp2compresscarry
Component: signedfp2carrymodp
    Used output signal: out
    Unused output signal: x
Component: fp2compress
    Used output signal: out

Detecting: signedfp2divide
Component: num2bits
Component: signedfp2multiplynocarrycompress
    Used output signal: out
Component: checkcarrymodp
Component: rangecheck2d

Detecting: signedfp2multiplynocarry
Component: signedfp2multiplynocarryunequal
    Used output signal: out

Detecting: signedfp2multiplynocarrycompress
Component: fp2compress
    Used output signal: out
Component: signedfp2multiplynocarry
    Used output signal: out

Detecting: signedfp2multiplynocarrycompressthree
Component: signedfp2multiplynocarryunequal
    Used output signal: out
Component: fp2compress
    Used output signal: out
Component: signedfp2multiplynocarry
    Used output signal: out

Detecting: signedfp2multiplynocarryunequal
Component: bigmultshortlongunequal
    Used output signal: out

Detecting: signedfpcarrymodp
Component: checkcarrymodp
Component: num2bits

Detecting: split
Component: num2bits

Detecting: splitthree
Component: num2bits

Detecting: xor

