https://github.com/yi-sun/circom-pairing/tree/master/circuits/extra_curve.circom
Detecting: aliascheck
Component: compconstant
    Used output signal: out

Detecting: and

Detecting: bigadd
Component: modsumthree
    Used output signal: carry
    Used output signal: sum
Component: modsum
    Used output signal: carry
    Used output signal: sum

Detecting: bigaddmodp
Component: bigsub
    Unused output signal: underflow
    Used output signal: out
Component: biglessthan
    Used output signal: out
Component: bigadd
    Used output signal: out

Detecting: bigisequal
Component: iszero
    Used output signal: out
Component: isequal
    Used output signal: out

Detecting: bigiszero
Component: iszero
    Used output signal: out

Detecting: biglessthan
Component: or
    Used output signal: out
Component: and
    Used output signal: out
Component: isequal
    Used output signal: out
Component: lessthan
    Used output signal: out

Detecting: bigmod
Component: biglessthan
    Used output signal: out
Component: bigadd
    Used output signal: out
Component: bigmult
    Used output signal: out
Component: num2bits
    Unused output signal: out

Detecting: bigmod2
Component: biglessthan
    Used output signal: out
Component: bigadd
    Used output signal: out
Component: bigmult
    Used output signal: out
Component: num2bits
    Unused output signal: out

Detecting: bigmodinv
Component: bigmod
    Used output signal: mod
    Unused output signal: div
Component: bigmult
    Used output signal: out
Component: num2bits
    Unused output signal: out

Detecting: bigmult
Component: longtoshortnoendcarry
    Used output signal: out
Component: bigmultshortlong
    Used output signal: out

Detecting: bigmultmodp
Component: bigmod
    Used output signal: mod
    Unused output signal: div
Component: bigmult
    Used output signal: out

Detecting: bigmultshortlong

Detecting: bigmultshortlong2d

Detecting: bigmultshortlong2dunequal

Detecting: bigmultshortlongunequal

Detecting: bigsub
Component: modsubthree
    Used output signal: borrow
    Used output signal: out
Component: modsub
    Used output signal: borrow
    Used output signal: out

Detecting: bigsubmodp
Component: bigadd
    Used output signal: out
Component: bigsub
    Used output signal: underflow
    Used output signal: out

Detecting: binsum

Detecting: bits2num

Detecting: bits2num_strict
Component: bits2num
    Used output signal: out
Component: aliascheck

Detecting: blsmillerloop
Component: fp12multiply
    Used output signal: out
Component: fp12multiplywithlineunequal
    Used output signal: out
Component: fp12invert
    Used output signal: out
Component: millerloop
    Used output signal: xp
    Used output signal: out

Detecting: checkcarrymodp
Component: checkcarrytozero
Component: bigmultshortlongunequal
    Used output signal: out

Detecting: checkcarrytozero
Component: num2bits
    Unused output signal: out

Detecting: compconstant
Component: num2bits
    Used output signal: out

Detecting: ellipticcurveadd
Component: ellipticcurvedouble
    Used output signal: out
Component: ellipticcurveaddunequal
    Used output signal: out
Component: iszero
    Used output signal: out
Component: fpisequal
    Used output signal: out

Detecting: ellipticcurveaddfp2
Component: ellipticcurveaddunequalfp2
    Used output signal: out
Component: iszero
    Used output signal: out
Component: ellipticcurvedoublefp2
    Used output signal: out
Component: fp2isequal
    Used output signal: out

Detecting: ellipticcurveaddunequal
Component: rangecheck2d
Component: pointonline
Component: bigmultshortlongunequal
    Used output signal: out
Component: signedcheckcarrymodtozero
    Unused output signal: x
Component: primereduce
    Used output signal: out
Component: bigmultshortlong
    Used output signal: out

Detecting: ellipticcurveaddunequal3reg
Component: bigmultmodp
    Used output signal: out
Component: biglessthan
    Used output signal: out
Component: num2bits
    Unused output signal: out
Component: bigsubmodp
    Used output signal: out

Detecting: ellipticcurveaddunequal4reg
Component: bigmultmodp
    Used output signal: out
Component: biglessthan
    Used output signal: out
Component: num2bits
    Unused output signal: out
Component: bigsubmodp
    Used output signal: out

Detecting: ellipticcurveaddunequalfp2
Component: rangecheck2d
Component: bigmultshortlong2dunequal
    Used output signal: out
Component: pointonlinefp2
Component: signedcheckcarrymodtozero
    Unused output signal: x
Component: primereduce
    Used output signal: out
Component: bigmultshortlong2d
    Used output signal: out

Detecting: ellipticcurvedouble
Component: fpisequal
    Used output signal: out
Component: pointoncurve
Component: pointontangent
Component: rangecheck2d

Detecting: ellipticcurvedouble0
Component: bigsubmodp
    Used output signal: out
Component: num2bits
    Unused output signal: out
Component: bigaddmodp
    Used output signal: out
Component: biglessthan
    Used output signal: out
Component: bigmultmodp
    Used output signal: out

Detecting: ellipticcurvedoublefp2
Component: fp2isequal
    Used output signal: out
Component: pointoncurvefp2
Component: pointontangentfp2
Component: rangecheck2d

Detecting: ellipticcurvefunction
Component: signedfp2carrymodp
    Used output signal: out
    Unused output signal: x
Component: primereduce
    Used output signal: out
Component: signedfp2multiplynocarryunequal
    Used output signal: out

Detecting: ellipticcurvescalarmultiply
Component: ellipticcurveadd
    Used output signal: isinfinity
    Used output signal: out
Component: ellipticcurvedouble
    Used output signal: out

Detecting: ellipticcurvescalarmultiplyfp2
Component: ellipticcurveaddfp2
    Used output signal: isinfinity
    Used output signal: out
Component: ellipticcurvedoublefp2
    Used output signal: out

Detecting: ellipticcurvescalarmultiplyunequal
Component: ellipticcurveaddunequal
    Used output signal: out
Component: fpisequal
    Used output signal: out
Component: ellipticcurvedouble
    Used output signal: out

Detecting: ellipticcurvescalarmultiplyunequalfp2
Component: ellipticcurveaddunequalfp2
    Used output signal: out
Component: fp2isequal
    Used output signal: out
Component: ellipticcurvedoublefp2
    Used output signal: out

Detecting: finalexpeasypart
Component: fp12invert
    Used output signal: out
Component: fp12multiply
    Used output signal: out
Component: fp12frobeniusmap
    Used output signal: out

Detecting: finalexphardpart
Component: fp12multiply
    Used output signal: out
Component: fp12frobeniusmap
    Used output signal: out
Component: fp12cyclotomicexp
    Used output signal: out

Detecting: finalexponentiate
Component: finalexphardpart
    Used output signal: out
Component: finalexpeasypart
    Used output signal: out

Detecting: forceequalifenabled
Component: iszero
    Used output signal: out

Detecting: fp12add
Component: fpadd
    Used output signal: out

Detecting: fp12compress
Component: primereduce
    Used output signal: out

Detecting: fp12cyclotomiccompress

Detecting: fp12cyclotomicdecompress
Component: signedfp2multiplynocarrycompress
    Used output signal: out
Component: fp2iszero
    Used output signal: out
Component: signedfp2divide
    Used output signal: out
Component: fp2compress
    Used output signal: out
Component: signedfp2carrymodp
    Used output signal: out
    Unused output signal: x
Component: signedfp2multiplynocarry
    Used output signal: out

Detecting: fp12cyclotomicexp
Component: fp12multiply
    Used output signal: out
Component: fp12cyclotomicdecompress
    Used output signal: out
Component: fp12cyclotomicsquare
    Used output signal: out
Component: fp12cyclotomiccompress
    Used output signal: out

Detecting: fp12cyclotomicsquare
Component: fp2compress
    Used output signal: out
Component: signedfp2carrymodp
    Used output signal: out
    Unused output signal: x
Component: signedfp12cyclotomicsquarenocarry
    Used output signal: out

Detecting: fp12exp
Component: fp12multiply
    Used output signal: out
Component: fp12square
    Used output signal: out

Detecting: fp12frobeniusmap
Component: fp2multiply
    Used output signal: out
Component: fp2frobeniusmap
    Used output signal: out
Component: fpmultiply
    Used output signal: out

Detecting: fp12invert
Component: fp12multiply
    Used output signal: out
Component: num2bits
    Unused output signal: out

Detecting: fp12multiply
Component: signedfp12carrymodp
    Used output signal: out
    Unused output signal: x
Component: signedfp12multiplynocarrycompress
    Used output signal: out

Detecting: fp12multiplywithlineunequal
Component: signedfp12carrymodp
    Used output signal: out
    Unused output signal: x
Component: fp12compress
    Used output signal: out
Component: signedfp12multiplynocarryunequal
    Used output signal: out
Component: signedlinefunctionunequalnocarry
    Used output signal: out

Detecting: fp12multiplywithlineunequalfp2
Component: signedfp12carrymodp
    Used output signal: out
    Unused output signal: x
Component: fp12compress
    Used output signal: out
Component: signedfp12multiplynocarryunequal
    Used output signal: out
Component: signedlinefunctionunequalnocarryfp2
    Used output signal: out

Detecting: fp12square
Component: fp12multiply
    Used output signal: out

Detecting: fp2add
Component: fpadd
    Used output signal: out

Detecting: fp2compress
Component: primereduce
    Used output signal: out

Detecting: fp2conjugate
Component: fpnegate
    Used output signal: out

Detecting: fp2frobeniusmap
Component: fpnegate
    Used output signal: out

Detecting: fp2invert
Component: fp2multiply
    Used output signal: out
Component: num2bits
    Unused output signal: out

Detecting: fp2isequal
Component: iszero
    Used output signal: out
Component: isequal
    Used output signal: out
Component: biglessthan
    Used output signal: out

Detecting: fp2iszero
Component: iszero
    Used output signal: out
Component: biglessthan
    Used output signal: out

Detecting: fp2multiply
Component: signedfp2carrymodp
    Used output signal: out
    Unused output signal: x
Component: signedfp2multiplynocarrycompress
    Used output signal: out

Detecting: fp2multiplythree
Component: signedfp2carrymodp
    Used output signal: out
    Unused output signal: x
Component: signedfp2multiplynocarrycompressthree
    Used output signal: out

Detecting: fp2negate
Component: fpnegate
    Used output signal: out

Detecting: fp2sgn0
Component: bigiszero
    Used output signal: out
Component: fpsgn0
    Used output signal: out

Detecting: fp2subtract
Component: fpsubtract
    Used output signal: out

Detecting: fp6invert

Detecting: fpadd
Component: bigsub
    Unused output signal: underflow
    Used output signal: out
Component: biglessthan
    Used output signal: out
Component: bigadd
    Used output signal: out

Detecting: fpisequal
Component: isequal
    Used output signal: out
Component: biglessthan
    Used output signal: out

Detecting: fpiszero
Component: bigiszero
    Used output signal: out
Component: biglessthan
    Used output signal: out

Detecting: fpmultiply
Component: signedfpcarrymodp
    Used output signal: out
    Unused output signal: x
Component: primereduce
    Used output signal: out
Component: bigmultshortlong
    Used output signal: out

Detecting: fpnegate
Component: bigiszero
    Used output signal: out
Component: bigsub
    Used output signal: underflow
    Used output signal: out

Detecting: fpsgn0
Component: biglessthan
    Used output signal: out

Detecting: fpsubtract
Component: bigadd
    Used output signal: out
Component: bigsub
    Used output signal: underflow
    Used output signal: out

Detecting: greatereqthan
Component: lessthan
    Used output signal: out

Detecting: greaterthan
Component: lessthan
    Used output signal: out

Detecting: isequal
Component: iszero
    Used output signal: out

Detecting: iszero

Detecting: lesseqthan
Component: lessthan
    Used output signal: out

Detecting: lessthan
Component: num2bits
    Used output signal: out

Detecting: linefunctionequal
Component: signedfp12carrymodp
    Used output signal: out
    Unused output signal: x
Component: primereduce
    Used output signal: out
Component: signedlinefunctionequalnocarry
    Used output signal: out

Detecting: linefunctionequalfp2
Component: signedfp12carrymodp
    Used output signal: out
    Unused output signal: x
Component: primereduce
    Used output signal: out
Component: signedlinefunctionequalnocarryfp2
    Used output signal: out

Detecting: linefunctionunequal
Component: signedfp12carrymodp
    Used output signal: out
    Unused output signal: x
Component: primereduce
    Used output signal: out
Component: signedlinefunctionunequalnocarry
    Used output signal: out

Detecting: linefunctionunequalfp2
Component: signedfp12carrymodp
    Used output signal: out
    Unused output signal: x
Component: primereduce
    Used output signal: out
Component: signedlinefunctionunequalnocarryfp2
    Used output signal: out

Detecting: longtoshortnoendcarry
Component: num2bits
    Unused output signal: out

Detecting: millerloop
Component: fp12multiplywithlineunequal
    Used output signal: out
Component: fp12multiply
    Used output signal: out
Component: ellipticcurvedouble
    Used output signal: out
Component: signedfp12carrymodp
    Used output signal: out
    Unused output signal: x
Component: ellipticcurveaddunequal
    Used output signal: out
Component: fp12compress
    Used output signal: out
Component: signedfp12multiplynocarryunequal
    Used output signal: out
Component: linefunctionequal
    Used output signal: out
Component: signedfp12multiplynocarry
    Used output signal: out

Detecting: millerloop1
Component: fp12multiplywithlineunequal
    Used output signal: out
Component: ellipticcurvedouble
    Used output signal: out
Component: signedfp12carrymodp
    Used output signal: out
    Unused output signal: x
Component: ellipticcurveaddunequal
    Used output signal: out
Component: fp12compress
    Used output signal: out
Component: signedfp12multiplynocarryunequal
    Used output signal: out
Component: linefunctionequal
    Used output signal: out
Component: signedfp12multiplynocarry
    Used output signal: out

Detecting: millerloopfp2
Component: ellipticcurveaddunequalfp2
    Used output signal: out
Component: fp12multiplywithlineunequalfp2
    Used output signal: out
Component: signedfp12carrymodp
    Used output signal: out
    Unused output signal: x
Component: fp12compress
    Used output signal: out
Component: signedfp12multiplynocarryunequal
    Used output signal: out
Component: linefunctionequalfp2
    Used output signal: out
Component: ellipticcurvedoublefp2
    Used output signal: out
Component: signedfp12multiplynocarry
    Used output signal: out

Detecting: millerloopfp2two
Component: ellipticcurveaddunequalfp2
    Used output signal: out
Component: fp12multiplywithlineunequalfp2
    Used output signal: out
Component: fp12multiply
    Used output signal: out
Component: signedfp12carrymodp
    Used output signal: out
    Unused output signal: x
Component: fp12compress
    Used output signal: out
Component: signedfp12multiplynocarryunequal
    Used output signal: out
Component: signedfp12multiplynocarry
    Used output signal: out
Component: ellipticcurvedoublefp2
    Used output signal: out
Component: linefunctionequalfp2
    Used output signal: out

Detecting: modprod
Component: bits2num
    Used output signal: out
Component: num2bits
    Used output signal: out

Detecting: modsub
Component: lessthan
    Used output signal: out

Detecting: modsubthree
Component: lessthan
    Used output signal: out

Detecting: modsum
Component: num2bits
    Used output signal: out

Detecting: modsumfour
Component: num2bits
    Used output signal: out

Detecting: modsumthree
Component: num2bits
    Used output signal: out

Detecting: multiand
Component: multiand
    Unused output signal: out
Component: and
    Used output signal: out

Detecting: nand

Detecting: nor

Detecting: not

Detecting: num2bits

Detecting: num2bits_strict
Component: num2bits
    Used output signal: out
Component: aliascheck

Detecting: num2bitsneg
Component: iszero
    Used output signal: out

Detecting: optimalatepairing
Component: finalexponentiate
    Used output signal: out
Component: millerloopfp2
    Unused output signal: xp
    Used output signal: out
Component: fpnegate
    Used output signal: out

Detecting: or

Detecting: pointoncurve
Component: bigmultshortlongunequal
    Used output signal: out
Component: signedcheckcarrymodtozero
    Unused output signal: x
Component: primereduce
    Used output signal: out
Component: bigmultshortlong
    Used output signal: out

Detecting: pointoncurvefp2
Component: signedcheckcarrymodtozero
    Unused output signal: x
Component: primereduce
    Used output signal: out
Component: signedfp2multiplynocarryunequal
    Used output signal: out

Detecting: pointonline
Component: signedcheckcarrymodtozero
    Unused output signal: x
Component: primereduce
    Used output signal: out
Component: bigmultshortlong
    Used output signal: out

Detecting: pointonlinefp2
Component: signedcheckcarrymodtozero
    Unused output signal: x
Component: primereduce
    Used output signal: out
Component: bigmultshortlong2d
    Used output signal: out

Detecting: pointontangent
Component: bigmultshortlongunequal
    Used output signal: out
Component: signedcheckcarrymodtozero
    Unused output signal: x
Component: primereduce
    Used output signal: out
Component: bigmultshortlong
    Used output signal: out

Detecting: pointontangentfp2
Component: signedcheckcarrymodtozero
    Unused output signal: x
Component: primereduce
    Used output signal: out
Component: signedfp2multiplynocarryunequal
    Used output signal: out

Detecting: primereduce

Detecting: rangecheck2d
Component: num2bits
    Unused output signal: out

Detecting: signedcheckcarrymodtozero
Component: checkcarrymodp
Component: num2bits
    Unused output signal: out

Detecting: signedfp12carrymodp
Component: signedfpcarrymodp
    Used output signal: out
    Used output signal: x

Detecting: signedfp12cyclotomicsquarenocarry
Component: signedfp2multiplynocarry
    Used output signal: out

Detecting: signedfp12fp2multiplynocarry
Component: bigmultshortlong
    Used output signal: out

Detecting: signedfp12fp2multiplynocarryunequal
Component: bigmultshortlongunequal
    Used output signal: out

Detecting: signedfp12multiplynocarry
Component: signedfp12multiplynocarryunequal
    Used output signal: out

Detecting: signedfp12multiplynocarrycompress
Component: fp12compress
    Used output signal: out
Component: signedfp12multiplynocarry
    Used output signal: out

Detecting: signedfp12multiplynocarryunequal
Component: bigmultshortlong2dunequal
    Used output signal: out

Detecting: signedfp12scalarmultiplynocarry
Component: bigmultshortlong
    Used output signal: out

Detecting: signedfp12scalarmultiplynocarryunequal
Component: bigmultshortlongunequal
    Used output signal: out

Detecting: signedfp2carrymodp
Component: signedfpcarrymodp
    Used output signal: out
    Used output signal: x

Detecting: signedfp2compresscarry
Component: signedfp2carrymodp
    Used output signal: out
    Unused output signal: x
Component: fp2compress
    Used output signal: out

Detecting: signedfp2divide
Component: num2bits
    Unused output signal: out
Component: signedfp2multiplynocarrycompress
    Used output signal: out
Component: checkcarrymodp
Component: rangecheck2d

Detecting: signedfp2multiplynocarry
Component: signedfp2multiplynocarryunequal
    Used output signal: out

Detecting: signedfp2multiplynocarrycompress
Component: fp2compress
    Used output signal: out
Component: signedfp2multiplynocarry
    Used output signal: out

Detecting: signedfp2multiplynocarrycompressthree
Component: signedfp2multiplynocarryunequal
    Used output signal: out
Component: fp2compress
    Used output signal: out
Component: signedfp2multiplynocarry
    Used output signal: out

Detecting: signedfp2multiplynocarryunequal
Component: bigmultshortlongunequal
    Used output signal: out

Detecting: signedfpcarrymodp
Component: checkcarrymodp
Component: num2bits
    Unused output signal: out

Detecting: signedlinefunctionequalnocarry
Component: signedfp12scalarmultiplynocarry
    Used output signal: out
Component: signedfp12scalarmultiplynocarryunequal
    Used output signal: out
Component: bigmultshortlong
    Used output signal: out

Detecting: signedlinefunctionequalnocarryfp2
Component: signedfp2multiplynocarryunequal
    Used output signal: out
Component: bigmultshortlong2dunequal
    Used output signal: out
Component: bigmultshortlong2d
    Used output signal: out

Detecting: signedlinefunctionunequalnocarry
Component: bigmultshortlong
    Used output signal: out
Component: signedfp12scalarmultiplynocarry
    Used output signal: out

Detecting: signedlinefunctionunequalnocarryfp2
Component: bigmultshortlong2d
    Used output signal: out
Component: signedfp2multiplynocarry
    Used output signal: out

Detecting: split
Component: num2bits
    Unused output signal: out

Detecting: splitthree
Component: num2bits
    Unused output signal: out

Detecting: tatepairing
Component: finalexponentiate
    Used output signal: out
Component: blsmillerloop
    Used output signal: out

Detecting: xor

