https://github.com/yi-sun/circom-pairing/tree/master/circuits/fp12.circom
Detecting: aliascheck
Component: compconstant
    Used output signal: out

Detecting: and

Detecting: bigadd
Component: modsumthree
    Used output signal: carry
    Used output signal: sum
Component: modsum
    Used output signal: carry
    Used output signal: sum

Detecting: bigaddmodp
Component: biglessthan
    Used output signal: out
Component: bigadd
    Used output signal: out

Detecting: bigisequal
Component: iszero
    Used output signal: out
Component: isequal
    Used output signal: out

Detecting: bigiszero
Component: iszero
    Used output signal: out

Detecting: biglessthan
Component: or
    Used output signal: out
Component: and
    Used output signal: out
Component: isequal
    Used output signal: out
Component: lessthan
    Used output signal: out

Detecting: bigmod
Component: biglessthan
    Used output signal: out
Component: bigadd
    Used output signal: out
Component: bigmult
    Used output signal: out

Detecting: bigmod2
Component: biglessthan
    Used output signal: out
Component: bigadd
    Used output signal: out
Component: bigmult
    Used output signal: out

Detecting: bigmodinv
Component: bigmult
    Used output signal: out

Detecting: bigmult
Component: longtoshortnoendcarry
    Used output signal: out
Component: bigmultshortlong
    Used output signal: out

Detecting: bigmultmodp
Component: bigmult
    Used output signal: out

Detecting: bigmultshortlong

Detecting: bigmultshortlong2d

Detecting: bigmultshortlong2dunequal

Detecting: bigmultshortlongunequal

Detecting: bigsub
Component: modsubthree
    Used output signal: borrow
    Used output signal: out
Component: modsub
    Used output signal: borrow
    Used output signal: out

Detecting: bigsubmodp
Component: bigadd
    Used output signal: out

Detecting: binsum

Detecting: bits2num

Detecting: bits2num_strict
Component: bits2num
    Used output signal: out
Component: aliascheck

Detecting: checkcarrymodp
Component: checkcarrytozero
Component: bigmultshortlongunequal
    Used output signal: out

Detecting: checkcarrytozero

Detecting: compconstant

Detecting: forceequalifenabled
Component: iszero
    Used output signal: out

Detecting: fp12add
Component: fpadd
    Used output signal: out

Detecting: fp12compress
Component: primereduce
    Used output signal: out

Detecting: fp12exp
Component: fp12multiply
    Used output signal: out
Component: fp12square
    Used output signal: out

Detecting: fp12frobeniusmap
Component: fp2multiply
    Used output signal: out
Component: fp2frobeniusmap
    Used output signal: out
Component: fpmultiply
    Used output signal: out

Detecting: fp12invert
Component: fp12multiply
    Used output signal: out

Detecting: fp12multiply
Component: signedfp12multiplynocarrycompress
    Used output signal: out

Detecting: fp12square
Component: fp12multiply
    Used output signal: out

Detecting: fp2add
Component: fpadd
    Used output signal: out

Detecting: fp2compress
Component: primereduce
    Used output signal: out

Detecting: fp2conjugate
Component: fpnegate
    Used output signal: out

Detecting: fp2frobeniusmap
Component: fpnegate
    Used output signal: out

Detecting: fp2invert
Component: fp2multiply
    Used output signal: out

Detecting: fp2isequal
Component: iszero
    Used output signal: out
Component: isequal
    Used output signal: out
Component: biglessthan
    Used output signal: out

Detecting: fp2iszero
Component: iszero
    Used output signal: out
Component: biglessthan
    Used output signal: out

Detecting: fp2multiply
Component: signedfp2multiplynocarrycompress
    Used output signal: out

Detecting: fp2multiplythree
Component: signedfp2multiplynocarrycompressthree
    Used output signal: out

Detecting: fp2negate
Component: fpnegate
    Used output signal: out

Detecting: fp2sgn0
Component: bigiszero
    Used output signal: out
Component: fpsgn0
    Used output signal: out

Detecting: fp2subtract
Component: fpsubtract
    Used output signal: out

Detecting: fp6invert

Detecting: fpadd
Component: biglessthan
    Used output signal: out
Component: bigadd
    Used output signal: out

Detecting: fpisequal
Component: isequal
    Used output signal: out
Component: biglessthan
    Used output signal: out

Detecting: fpiszero
Component: bigiszero
    Used output signal: out
Component: biglessthan
    Used output signal: out

Detecting: fpmultiply
Component: primereduce
    Used output signal: out
Component: bigmultshortlong
    Used output signal: out

Detecting: fpnegate
Component: bigiszero
    Used output signal: out

Detecting: fpsgn0
Component: biglessthan
    Used output signal: out

Detecting: fpsubtract
Component: bigadd
    Used output signal: out

Detecting: greatereqthan
Component: lessthan
    Used output signal: out

Detecting: greaterthan
Component: lessthan
    Used output signal: out

Detecting: isequal
Component: iszero
    Used output signal: out

Detecting: iszero

Detecting: lesseqthan
Component: lessthan
    Used output signal: out

Detecting: lessthan

Detecting: longtoshortnoendcarry

Detecting: modprod
Component: bits2num
    Used output signal: out

Detecting: modsub
Component: lessthan
    Used output signal: out

Detecting: modsubthree
Component: lessthan
    Used output signal: out

Detecting: modsum

Detecting: modsumfour

Detecting: modsumthree

Detecting: multiand
Component: and
    Used output signal: out

Detecting: nand

Detecting: nor

Detecting: not

Detecting: num2bits

Detecting: num2bits_strict
Component: aliascheck

Detecting: num2bitsneg
Component: iszero
    Used output signal: out

Detecting: or

Detecting: primereduce

Detecting: rangecheck2d

Detecting: signedcheckcarrymodtozero
Component: checkcarrymodp

Detecting: signedfp12carrymodp

Detecting: signedfp12fp2multiplynocarry
Component: bigmultshortlong
    Used output signal: out

Detecting: signedfp12fp2multiplynocarryunequal
Component: bigmultshortlongunequal
    Used output signal: out

Detecting: signedfp12multiplynocarry
Component: signedfp12multiplynocarryunequal
    Used output signal: out

Detecting: signedfp12multiplynocarrycompress
Component: fp12compress
    Used output signal: out
Component: signedfp12multiplynocarry
    Used output signal: out

Detecting: signedfp12multiplynocarryunequal
Component: bigmultshortlong2dunequal
    Used output signal: out

Detecting: signedfp12scalarmultiplynocarry
Component: bigmultshortlong
    Used output signal: out

Detecting: signedfp12scalarmultiplynocarryunequal
Component: bigmultshortlongunequal
    Used output signal: out

Detecting: signedfp2carrymodp

Detecting: signedfp2compresscarry
Component: fp2compress
    Used output signal: out

Detecting: signedfp2divide
Component: signedfp2multiplynocarrycompress
    Used output signal: out
Component: checkcarrymodp
Component: rangecheck2d

Detecting: signedfp2multiplynocarry
Component: signedfp2multiplynocarryunequal
    Used output signal: out

Detecting: signedfp2multiplynocarrycompress
Component: fp2compress
    Used output signal: out
Component: signedfp2multiplynocarry
    Used output signal: out

Detecting: signedfp2multiplynocarrycompressthree
Component: signedfp2multiplynocarryunequal
    Used output signal: out
Component: fp2compress
    Used output signal: out
Component: signedfp2multiplynocarry
    Used output signal: out

Detecting: signedfp2multiplynocarryunequal
Component: bigmultshortlongunequal
    Used output signal: out

Detecting: signedfpcarrymodp
Component: checkcarrymodp

Detecting: split

Detecting: splitthree

Detecting: xor

